#
# There is insufficient memory for the Java Runtime Environment to continue.
# Native memory allocation (malloc) failed to allocate 3311280 bytes for Chunk::new
# Possible reasons:
#   The system is out of physical RAM or swap space
#   The process is running with CompressedOops enabled, and the Java Heap may be blocking the growth of the native heap
# Possible solutions:
#   Reduce memory load on the system
#   Increase physical memory or swap space
#   Check if swap backing store is full
#   Decrease Java heap size (-Xmx/-Xms)
#   Decrease number of Java threads
#   Decrease Java thread stack sizes (-Xss)
#   Set larger code cache with -XX:ReservedCodeCacheSize=
#   JVM is running with Zero Based Compressed Oops mode in which the Java heap is
#     placed in the first 32GB address space. The Java Heap base address is the
#     maximum limit for the native heap growth. Please use -XX:HeapBaseMinAddress
#     to set the Java Heap base and to place the Java Heap above 32GB virtual address.
# This output file may be truncated or incomplete.
#
#  Out of Memory Error (arena.cpp:184), pid=16280, tid=7484
#
# JRE version: Java(TM) SE Runtime Environment (19.0.2+7) (build 19.0.2+7-44)
# Java VM: Java HotSpot(TM) 64-Bit Server VM (19.0.2+7-44, mixed mode, sharing, tiered, compressed oops, compressed class ptrs, g1 gc, windows-amd64)
# No core dump will be written. Minidumps are not enabled by default on client versions of Windows
#

---------------  S U M M A R Y ------------

Command Line: --module-path=C:\Program Files\Java\javafx-sdk-19.0.2.1\lib --add-modules=javafx.controls,javafx.fxml -Dfile.encoding=UTF-8 -XX:+ShowCodeDetailsInExceptionMessages main.GameApplication

Host: 11th Gen Intel(R) Core(TM) i5-11400F @ 2.60GHz, 12 cores, 15G,  Windows 11 , 64 bit Build 22621 (10.0.22621.1485)
Time: Mon May  8 17:59:58 2023 Central Europe Daylight Time elapsed time: 1.572755 seconds (0d 0h 0m 1s)

---------------  T H R E A D  ---------------

Current thread (0x000002680825e340):  JavaThread "C2 CompilerThread1" daemon [_thread_in_native, id=7484, stack(0x000000b165f00000,0x000000b166000000)]


Current CompileTask:
C2:   1572 2070   !   4       java.util.zip.InflaterInputStream::read (122 bytes)

Stack: [0x000000b165f00000,0x000000b166000000]
Native frames: (J=compiled Java code, j=interpreted, Vv=VM code, C=native code)
V  [jvm.dll+0x6ee21a]
V  [jvm.dll+0x85765e]
V  [jvm.dll+0x85904e]
V  [jvm.dll+0x859703]
V  [jvm.dll+0x28298f]
V  [jvm.dll+0xc9adf]
V  [jvm.dll+0xc9e65]
V  [jvm.dll+0x3bca4c]
V  [jvm.dll+0x1ee29a]
V  [jvm.dll+0x24c52b]
V  [jvm.dll+0x24b781]
V  [jvm.dll+0x1d6ce1]
V  [jvm.dll+0x25b25a]
V  [jvm.dll+0x2596e8]
V  [jvm.dll+0x807588]
V  [jvm.dll+0x80125a]
V  [jvm.dll+0x6ecf0b]
C  [ucrtbase.dll+0x29363]
C  [KERNEL32.DLL+0x1269d]
C  [ntdll.dll+0x5a9f8]


---------------  P R O C E S S  ---------------

Threads class SMR info:
_java_thread_list=0x0000026811ed50b0, length=20, elements={
0x0000026860186b70, 0x000002687f996ac0, 0x000002687f9973f0, 0x000002687f99c0b0,
0x000002687f99c9e0, 0x000002687f99d310, 0x000002687f9abc80, 0x000002687f9bb110,
0x000002687f9bbe80, 0x000002687f9bc7f0, 0x00000268081be7e0, 0x000002680825e340,
0x00000268082610b0, 0x00000268082541e0, 0x0000026808f0d4d0, 0x000002680959e5a0,
0x0000026808e5a720, 0x000002680936f020, 0x0000026809682a80, 0x000002680990d570
}

Java Threads: ( => current thread )
  0x0000026860186b70 JavaThread "main" [_thread_blocked, id=1300, stack(0x000000b164e00000,0x000000b164f00000)]
  0x000002687f996ac0 JavaThread "Reference Handler" daemon [_thread_blocked, id=16912, stack(0x000000b165500000,0x000000b165600000)]
  0x000002687f9973f0 JavaThread "Finalizer" daemon [_thread_blocked, id=16944, stack(0x000000b165600000,0x000000b165700000)]
  0x000002687f99c0b0 JavaThread "Signal Dispatcher" daemon [_thread_blocked, id=15560, stack(0x000000b165700000,0x000000b165800000)]
  0x000002687f99c9e0 JavaThread "Attach Listener" daemon [_thread_blocked, id=10020, stack(0x000000b165800000,0x000000b165900000)]
  0x000002687f99d310 JavaThread "Service Thread" daemon [_thread_blocked, id=16564, stack(0x000000b165900000,0x000000b165a00000)]
  0x000002687f9abc80 JavaThread "Monitor Deflation Thread" daemon [_thread_blocked, id=7368, stack(0x000000b165a00000,0x000000b165b00000)]
  0x000002687f9bb110 JavaThread "C2 CompilerThread0" daemon [_thread_blocked, id=15476, stack(0x000000b165b00000,0x000000b165c00000)]
  0x000002687f9bbe80 JavaThread "C1 CompilerThread0" daemon [_thread_blocked, id=9972, stack(0x000000b165c00000,0x000000b165d00000)]
  0x000002687f9bc7f0 JavaThread "Sweeper thread" daemon [_thread_blocked, id=14140, stack(0x000000b165d00000,0x000000b165e00000)]
  0x00000268081be7e0 JavaThread "Common-Cleaner" daemon [_thread_blocked, id=16028, stack(0x000000b165e00000,0x000000b165f00000)]
=>0x000002680825e340 JavaThread "C2 CompilerThread1" daemon [_thread_in_native, id=7484, stack(0x000000b165f00000,0x000000b166000000)]
  0x00000268082610b0 JavaThread "C2 CompilerThread2" daemon [_thread_blocked, id=4112, stack(0x000000b166000000,0x000000b166100000)]
  0x00000268082541e0 JavaThread "Notification Thread" daemon [_thread_blocked, id=1136, stack(0x000000b166100000,0x000000b166200000)]
  0x0000026808f0d4d0 JavaThread "QuantumRenderer-0" daemon [_thread_blocked, id=16112, stack(0x000000b166300000,0x000000b166400000)]
  0x000002680959e5a0 JavaThread "InvokeLaterDispatcher" daemon [_thread_blocked, id=16524, stack(0x000000b166500000,0x000000b166600000)]
  0x0000026808e5a720 JavaThread "JavaFX Application Thread" [_thread_in_native, id=14672, stack(0x000000b166600000,0x000000b166700000)]
  0x000002680936f020 JavaThread "JavaFX-Launcher" [_thread_blocked, id=3984, stack(0x000000b166950000,0x000000b166a50000)]
  0x0000026809682a80 JavaThread "Thread-2" daemon [_thread_in_native, id=15908, stack(0x000000b166850000,0x000000b166950000)]
  0x000002680990d570 JavaThread "Prism Font Disposer" daemon [_thread_blocked, id=1924, stack(0x000000b166f50000,0x000000b167050000)]

Other Threads:
  0x000002687f97fcf0 VMThread "VM Thread" [stack: 0x000000b165400000,0x000000b165500000] [id=17376]
  0x00000268089c4090 WatcherThread "VM Periodic Task Thread" [stack: 0x000000b166200000,0x000000b166300000] [id=1544]
  0x00000268601f8620 WorkerThread "GC Thread#0" [stack: 0x000000b164f00000,0x000000b165000000] [id=8364]
  0x000002680906fb90 WorkerThread "GC Thread#1" [stack: 0x000000b166a50000,0x000000b166b50000] [id=15472]
  0x0000026809071a80 WorkerThread "GC Thread#2" [stack: 0x000000b166b50000,0x000000b166c50000] [id=16920]
  0x000002680906f320 WorkerThread "GC Thread#3" [stack: 0x000000b166c50000,0x000000b166d50000] [id=15528]
  0x000002680906ed80 WorkerThread "GC Thread#4" [stack: 0x000000b166d50000,0x000000b166e50000] [id=16812]
  0x0000026809070130 WorkerThread "GC Thread#5" [stack: 0x000000b166e50000,0x000000b166f50000] [id=11300]
  0x000002680906e510 WorkerThread "GC Thread#6" [stack: 0x000000b167050000,0x000000b167150000] [id=14676]
  0x0000026809070400 WorkerThread "GC Thread#7" [stack: 0x000000b167150000,0x000000b167250000] [id=13592]
  0x000002680906e7e0 WorkerThread "GC Thread#8" [stack: 0x000000b167250000,0x000000b167350000] [id=16452]
  0x000002680906f050 WorkerThread "GC Thread#9" [stack: 0x000000b167350000,0x000000b167450000] [id=320]
  0x000002686020b0a0 ConcurrentGCThread "G1 Main Marker" [stack: 0x000000b165000000,0x000000b165100000] [id=16172]
  0x000002686020b8e0 WorkerThread "G1 Conc#0" [stack: 0x000000b165100000,0x000000b165200000] [id=9820]
  0x000002687f83e330 ConcurrentGCThread "G1 Refine#0" [stack: 0x000000b165200000,0x000000b165300000] [id=11072]
  0x000002687f83eb20 ConcurrentGCThread "G1 Service" [stack: 0x000000b165300000,0x000000b165400000] [id=12568]

Threads with active compile tasks:
C2 CompilerThread1     1588 2070   !   4       java.util.zip.InflaterInputStream::read (122 bytes)

VM state: not at safepoint (normal execution)

VM Mutex/Monitor currently owned by a thread: None

Heap address: 0x0000000703a00000, size: 4038 MB, Compressed Oops mode: Zero based, Oop shift amount: 3

CDS archive(s) mapped at: [0x0000000800000000-0x0000000800c40000-0x0000000800c40000), size 12845056, SharedBaseAddress: 0x0000000800000000, ArchiveRelocationMode: 0.
Compressed class space mapped at: 0x0000000801000000-0x0000000841000000, reserved size: 1073741824
Narrow klass base: 0x0000000800000000, Narrow klass shift: 0, Narrow klass range: 0x100000000

GC Precious Log:
 CardTable entry size: 512
 Card Set container configuration: InlinePtr #cards 4 size 8 Array Of Cards #cards 16 size 48 Howl #buckets 8 coarsen threshold 3686 Howl Bitmap #cards 512 size 80 coarsen threshold 460 Card regions per heap region 1 cards per card region 4096
 CPUs: 12 total, 12 available
 Memory: 16150M
 Large Page Support: Disabled
 NUMA Support: Disabled
 Compressed Oops: Enabled (Zero based)
 Heap Region Size: 2M
 Heap Min Capacity: 8M
 Heap Initial Capacity: 254M
 Heap Max Capacity: 4038M
 Pre-touch: Disabled
 Parallel Workers: 10
 Concurrent Workers: 3
 Concurrent Refinement Workers: 10
 Periodic GC: Disabled

Heap:
 garbage-first heap   total 260096K, used 85546K [0x0000000703a00000, 0x0000000800000000)
  region size 2048K, 9 young (18432K), 3 survivors (6144K)
 Metaspace       used 13971K, committed 14272K, reserved 1114112K
  class space    used 1863K, committed 1984K, reserved 1048576K

Heap Regions: E=young(eden), S=young(survivor), O=old, HS=humongous(starts), HC=humongous(continues), CS=collection set, F=free, OA=open archive, CA=closed archive, TAMS=top-at-mark-start (previous, next)
|   0|0x0000000703a00000, 0x0000000703c00000, 0x0000000703c00000|100%|HS|  |TAMS 0x0000000703a00000, 0x0000000703a00000| Complete 
|   1|0x0000000703c00000, 0x0000000703e00000, 0x0000000703e00000|100%|HC|  |TAMS 0x0000000703c00000, 0x0000000703c00000| Complete 
|   2|0x0000000703e00000, 0x0000000704000000, 0x0000000704000000|100%|HC|  |TAMS 0x0000000703e00000, 0x0000000703e00000| Complete 
|   3|0x0000000704000000, 0x0000000704200000, 0x0000000704200000|100%|HS|  |TAMS 0x0000000704000000, 0x0000000704000000| Complete 
|   4|0x0000000704200000, 0x0000000704400000, 0x0000000704400000|100%|HS|  |TAMS 0x0000000704200000, 0x0000000704200000| Complete 
|   5|0x0000000704400000, 0x0000000704600000, 0x0000000704600000|100%|HS|  |TAMS 0x0000000704400000, 0x0000000704400000| Complete 
|   6|0x0000000704600000, 0x0000000704800000, 0x0000000704800000|100%|HS|  |TAMS 0x0000000704600000, 0x0000000704600000| Complete 
|   7|0x0000000704800000, 0x0000000704a00000, 0x0000000704a00000|100%|HS|  |TAMS 0x0000000704800000, 0x0000000704800000| Complete 
|   8|0x0000000704a00000, 0x0000000704c00000, 0x0000000704c00000|100%|HS|  |TAMS 0x0000000704a00000, 0x0000000704a00000| Complete 
|   9|0x0000000704c00000, 0x0000000704e00000, 0x0000000704e00000|100%|HC|  |TAMS 0x0000000704c00000, 0x0000000704c00000| Complete 
|  10|0x0000000704e00000, 0x0000000705000000, 0x0000000705000000|100%|HS|  |TAMS 0x0000000704e00000, 0x0000000704e00000| Complete 
|  11|0x0000000705000000, 0x0000000705200000, 0x0000000705200000|100%|HC|  |TAMS 0x0000000705000000, 0x0000000705000000| Complete 
|  12|0x0000000705200000, 0x0000000705400000, 0x0000000705400000|100%|HC|  |TAMS 0x0000000705200000, 0x0000000705200000| Complete 
|  13|0x0000000705400000, 0x0000000705600000, 0x0000000705600000|100%|HS|  |TAMS 0x0000000705400000, 0x0000000705400000| Complete 
|  14|0x0000000705600000, 0x0000000705800000, 0x0000000705800000|100%|HC|  |TAMS 0x0000000705600000, 0x0000000705600000| Complete 
|  15|0x0000000705800000, 0x0000000705a00000, 0x0000000705a00000|100%|HC|  |TAMS 0x0000000705800000, 0x0000000705800000| Complete 
|  16|0x0000000705a00000, 0x0000000705c00000, 0x0000000705c00000|100%|HS|  |TAMS 0x0000000705a00000, 0x0000000705a00000| Complete 
|  17|0x0000000705c00000, 0x0000000705e00000, 0x0000000705e00000|100%|HC|  |TAMS 0x0000000705c00000, 0x0000000705c00000| Complete 
|  18|0x0000000705e00000, 0x0000000706000000, 0x0000000706000000|100%|HC|  |TAMS 0x0000000705e00000, 0x0000000705e00000| Complete 
|  19|0x0000000706000000, 0x0000000706200000, 0x0000000706200000|100%|HS|  |TAMS 0x0000000706000000, 0x0000000706000000| Complete 
|  20|0x0000000706200000, 0x0000000706400000, 0x0000000706400000|100%|HC|  |TAMS 0x0000000706200000, 0x0000000706200000| Complete 
|  21|0x0000000706400000, 0x0000000706600000, 0x0000000706600000|100%|HC|  |TAMS 0x0000000706400000, 0x0000000706400000| Complete 
|  22|0x0000000706600000, 0x0000000706800000, 0x0000000706800000|100%|HS|  |TAMS 0x0000000706600000, 0x0000000706600000| Complete 
|  23|0x0000000706800000, 0x0000000706a00000, 0x0000000706a00000|100%|HC|  |TAMS 0x0000000706800000, 0x0000000706800000| Complete 
|  24|0x0000000706a00000, 0x0000000706c00000, 0x0000000706c00000|100%|HC|  |TAMS 0x0000000706a00000, 0x0000000706a00000| Complete 
|  25|0x0000000706c00000, 0x0000000706e00000, 0x0000000706e00000|100%|HS|  |TAMS 0x0000000706c00000, 0x0000000706c00000| Complete 
|  26|0x0000000706e00000, 0x0000000707000000, 0x0000000707000000|100%|HC|  |TAMS 0x0000000706e00000, 0x0000000706e00000| Complete 
|  27|0x0000000707000000, 0x0000000707200000, 0x0000000707200000|100%| O|  |TAMS 0x0000000707000000, 0x0000000707000000| Untracked 
|  28|0x0000000707200000, 0x0000000707400000, 0x0000000707400000|100%| O|  |TAMS 0x0000000707200000, 0x0000000707200000| Untracked 
|  29|0x0000000707400000, 0x0000000707600000, 0x0000000707600000|100%| O|  |TAMS 0x0000000707400000, 0x0000000707400000| Untracked 
|  30|0x0000000707600000, 0x0000000707800000, 0x0000000707800000|100%| O|  |TAMS 0x0000000707600000, 0x0000000707600000| Untracked 
|  31|0x0000000707800000, 0x0000000707a00000, 0x0000000707a00000|100%| O|  |TAMS 0x0000000707800000, 0x0000000707800000| Untracked 
|  32|0x0000000707a00000, 0x0000000707c00000, 0x0000000707c00000|100%| O|  |TAMS 0x0000000707a00000, 0x0000000707a00000| Untracked 
|  33|0x0000000707c00000, 0x0000000707d8aa08, 0x0000000707e00000| 77%| O|  |TAMS 0x0000000707c00000, 0x0000000707c00000| Untracked 
|  34|0x0000000707e00000, 0x0000000707e00000, 0x0000000708000000|  0%| F|  |TAMS 0x0000000707e00000, 0x0000000707e00000| Untracked 
|  35|0x0000000708000000, 0x0000000708000000, 0x0000000708200000|  0%| F|  |TAMS 0x0000000708000000, 0x0000000708000000| Untracked 
|  36|0x0000000708200000, 0x0000000708200000, 0x0000000708400000|  0%| F|  |TAMS 0x0000000708200000, 0x0000000708200000| Untracked 
|  37|0x0000000708400000, 0x0000000708400000, 0x0000000708600000|  0%| F|  |TAMS 0x0000000708400000, 0x0000000708400000| Untracked 
|  38|0x0000000708600000, 0x0000000708600000, 0x0000000708800000|  0%| F|  |TAMS 0x0000000708600000, 0x0000000708600000| Untracked 
|  39|0x0000000708800000, 0x0000000708800000, 0x0000000708a00000|  0%| F|  |TAMS 0x0000000708800000, 0x0000000708800000| Untracked 
|  40|0x0000000708a00000, 0x0000000708a00000, 0x0000000708c00000|  0%| F|  |TAMS 0x0000000708a00000, 0x0000000708a00000| Untracked 
|  41|0x0000000708c00000, 0x0000000708c00000, 0x0000000708e00000|  0%| F|  |TAMS 0x0000000708c00000, 0x0000000708c00000| Untracked 
|  42|0x0000000708e00000, 0x0000000708e00000, 0x0000000709000000|  0%| F|  |TAMS 0x0000000708e00000, 0x0000000708e00000| Untracked 
|  43|0x0000000709000000, 0x0000000709000000, 0x0000000709200000|  0%| F|  |TAMS 0x0000000709000000, 0x0000000709000000| Untracked 
|  44|0x0000000709200000, 0x0000000709200000, 0x0000000709400000|  0%| F|  |TAMS 0x0000000709200000, 0x0000000709200000| Untracked 
|  45|0x0000000709400000, 0x0000000709400000, 0x0000000709600000|  0%| F|  |TAMS 0x0000000709400000, 0x0000000709400000| Untracked 
|  46|0x0000000709600000, 0x0000000709600000, 0x0000000709800000|  0%| F|  |TAMS 0x0000000709600000, 0x0000000709600000| Untracked 
|  47|0x0000000709800000, 0x0000000709800000, 0x0000000709a00000|  0%| F|  |TAMS 0x0000000709800000, 0x0000000709800000| Untracked 
|  48|0x0000000709a00000, 0x0000000709a00000, 0x0000000709c00000|  0%| F|  |TAMS 0x0000000709a00000, 0x0000000709a00000| Untracked 
|  49|0x0000000709c00000, 0x0000000709c00000, 0x0000000709e00000|  0%| F|  |TAMS 0x0000000709c00000, 0x0000000709c00000| Untracked 
|  50|0x0000000709e00000, 0x0000000709e00000, 0x000000070a000000|  0%| F|  |TAMS 0x0000000709e00000, 0x0000000709e00000| Untracked 
|  51|0x000000070a000000, 0x000000070a000000, 0x000000070a200000|  0%| F|  |TAMS 0x000000070a000000, 0x000000070a000000| Untracked 
|  52|0x000000070a200000, 0x000000070a200000, 0x000000070a400000|  0%| F|  |TAMS 0x000000070a200000, 0x000000070a200000| Untracked 
|  53|0x000000070a400000, 0x000000070a400000, 0x000000070a600000|  0%| F|  |TAMS 0x000000070a400000, 0x000000070a400000| Untracked 
|  54|0x000000070a600000, 0x000000070a600000, 0x000000070a800000|  0%| F|  |TAMS 0x000000070a600000, 0x000000070a600000| Untracked 
|  55|0x000000070a800000, 0x000000070a800000, 0x000000070aa00000|  0%| F|  |TAMS 0x000000070a800000, 0x000000070a800000| Untracked 
|  56|0x000000070aa00000, 0x000000070aa00000, 0x000000070ac00000|  0%| F|  |TAMS 0x000000070aa00000, 0x000000070aa00000| Untracked 
|  57|0x000000070ac00000, 0x000000070ac00000, 0x000000070ae00000|  0%| F|  |TAMS 0x000000070ac00000, 0x000000070ac00000| Untracked 
|  58|0x000000070ae00000, 0x000000070ae00000, 0x000000070b000000|  0%| F|  |TAMS 0x000000070ae00000, 0x000000070ae00000| Untracked 
|  59|0x000000070b000000, 0x000000070b000000, 0x000000070b200000|  0%| F|  |TAMS 0x000000070b000000, 0x000000070b000000| Untracked 
|  60|0x000000070b200000, 0x000000070b200000, 0x000000070b400000|  0%| F|  |TAMS 0x000000070b200000, 0x000000070b200000| Untracked 
|  61|0x000000070b400000, 0x000000070b400000, 0x000000070b600000|  0%| F|  |TAMS 0x000000070b400000, 0x000000070b400000| Untracked 
|  62|0x000000070b600000, 0x000000070b600000, 0x000000070b800000|  0%| F|  |TAMS 0x000000070b600000, 0x000000070b600000| Untracked 
|  63|0x000000070b800000, 0x000000070b800000, 0x000000070ba00000|  0%| F|  |TAMS 0x000000070b800000, 0x000000070b800000| Untracked 
|  64|0x000000070ba00000, 0x000000070ba00000, 0x000000070bc00000|  0%| F|  |TAMS 0x000000070ba00000, 0x000000070ba00000| Untracked 
|  65|0x000000070bc00000, 0x000000070bc00000, 0x000000070be00000|  0%| F|  |TAMS 0x000000070bc00000, 0x000000070bc00000| Untracked 
|  66|0x000000070be00000, 0x000000070be00000, 0x000000070c000000|  0%| F|  |TAMS 0x000000070be00000, 0x000000070be00000| Untracked 
|  67|0x000000070c000000, 0x000000070c000000, 0x000000070c200000|  0%| F|  |TAMS 0x000000070c000000, 0x000000070c000000| Untracked 
|  68|0x000000070c200000, 0x000000070c200000, 0x000000070c400000|  0%| F|  |TAMS 0x000000070c200000, 0x000000070c200000| Untracked 
|  69|0x000000070c400000, 0x000000070c400000, 0x000000070c600000|  0%| F|  |TAMS 0x000000070c400000, 0x000000070c400000| Untracked 
|  70|0x000000070c600000, 0x000000070c600000, 0x000000070c800000|  0%| F|  |TAMS 0x000000070c600000, 0x000000070c600000| Untracked 
|  71|0x000000070c800000, 0x000000070c800000, 0x000000070ca00000|  0%| F|  |TAMS 0x000000070c800000, 0x000000070c800000| Untracked 
|  72|0x000000070ca00000, 0x000000070ca00000, 0x000000070cc00000|  0%| F|  |TAMS 0x000000070ca00000, 0x000000070ca00000| Untracked 
|  73|0x000000070cc00000, 0x000000070cc00000, 0x000000070ce00000|  0%| F|  |TAMS 0x000000070cc00000, 0x000000070cc00000| Untracked 
|  74|0x000000070ce00000, 0x000000070ce00000, 0x000000070d000000|  0%| F|  |TAMS 0x000000070ce00000, 0x000000070ce00000| Untracked 
|  75|0x000000070d000000, 0x000000070d000000, 0x000000070d200000|  0%| F|  |TAMS 0x000000070d000000, 0x000000070d000000| Untracked 
|  76|0x000000070d200000, 0x000000070d200000, 0x000000070d400000|  0%| F|  |TAMS 0x000000070d200000, 0x000000070d200000| Untracked 
|  77|0x000000070d400000, 0x000000070d400000, 0x000000070d600000|  0%| F|  |TAMS 0x000000070d400000, 0x000000070d400000| Untracked 
|  78|0x000000070d600000, 0x000000070d600000, 0x000000070d800000|  0%| F|  |TAMS 0x000000070d600000, 0x000000070d600000| Untracked 
|  79|0x000000070d800000, 0x000000070d800000, 0x000000070da00000|  0%| F|  |TAMS 0x000000070d800000, 0x000000070d800000| Untracked 
|  80|0x000000070da00000, 0x000000070da00000, 0x000000070dc00000|  0%| F|  |TAMS 0x000000070da00000, 0x000000070da00000| Untracked 
|  81|0x000000070dc00000, 0x000000070dc00000, 0x000000070de00000|  0%| F|  |TAMS 0x000000070dc00000, 0x000000070dc00000| Untracked 
|  82|0x000000070de00000, 0x000000070de00000, 0x000000070e000000|  0%| F|  |TAMS 0x000000070de00000, 0x000000070de00000| Untracked 
|  83|0x000000070e000000, 0x000000070e000000, 0x000000070e200000|  0%| F|  |TAMS 0x000000070e000000, 0x000000070e000000| Untracked 
|  84|0x000000070e200000, 0x000000070e200000, 0x000000070e400000|  0%| F|  |TAMS 0x000000070e200000, 0x000000070e200000| Untracked 
|  85|0x000000070e400000, 0x000000070e400000, 0x000000070e600000|  0%| F|  |TAMS 0x000000070e400000, 0x000000070e400000| Untracked 
|  86|0x000000070e600000, 0x000000070e600000, 0x000000070e800000|  0%| F|  |TAMS 0x000000070e600000, 0x000000070e600000| Untracked 
|  87|0x000000070e800000, 0x000000070e800000, 0x000000070ea00000|  0%| F|  |TAMS 0x000000070e800000, 0x000000070e800000| Untracked 
|  88|0x000000070ea00000, 0x000000070ea00000, 0x000000070ec00000|  0%| F|  |TAMS 0x000000070ea00000, 0x000000070ea00000| Untracked 
|  89|0x000000070ec00000, 0x000000070ec00000, 0x000000070ee00000|  0%| F|  |TAMS 0x000000070ec00000, 0x000000070ec00000| Untracked 
|  90|0x000000070ee00000, 0x000000070ee00000, 0x000000070f000000|  0%| F|  |TAMS 0x000000070ee00000, 0x000000070ee00000| Untracked 
|  91|0x000000070f000000, 0x000000070f000000, 0x000000070f200000|  0%| F|  |TAMS 0x000000070f000000, 0x000000070f000000| Untracked 
|  92|0x000000070f200000, 0x000000070f200000, 0x000000070f400000|  0%| F|  |TAMS 0x000000070f200000, 0x000000070f200000| Untracked 
|  93|0x000000070f400000, 0x000000070f400000, 0x000000070f600000|  0%| F|  |TAMS 0x000000070f400000, 0x000000070f400000| Untracked 
|  94|0x000000070f600000, 0x000000070f600000, 0x000000070f800000|  0%| F|  |TAMS 0x000000070f600000, 0x000000070f600000| Untracked 
|  95|0x000000070f800000, 0x000000070f800000, 0x000000070fa00000|  0%| F|  |TAMS 0x000000070f800000, 0x000000070f800000| Untracked 
|  96|0x000000070fa00000, 0x000000070fa00000, 0x000000070fc00000|  0%| F|  |TAMS 0x000000070fa00000, 0x000000070fa00000| Untracked 
|  97|0x000000070fc00000, 0x000000070fc00000, 0x000000070fe00000|  0%| F|  |TAMS 0x000000070fc00000, 0x000000070fc00000| Untracked 
|  98|0x000000070fe00000, 0x000000070fe00000, 0x0000000710000000|  0%| F|  |TAMS 0x000000070fe00000, 0x000000070fe00000| Untracked 
|  99|0x0000000710000000, 0x0000000710000000, 0x0000000710200000|  0%| F|  |TAMS 0x0000000710000000, 0x0000000710000000| Untracked 
| 100|0x0000000710200000, 0x0000000710200000, 0x0000000710400000|  0%| F|  |TAMS 0x0000000710200000, 0x0000000710200000| Untracked 
| 101|0x0000000710400000, 0x0000000710400000, 0x0000000710600000|  0%| F|  |TAMS 0x0000000710400000, 0x0000000710400000| Untracked 
| 102|0x0000000710600000, 0x0000000710600000, 0x0000000710800000|  0%| F|  |TAMS 0x0000000710600000, 0x0000000710600000| Untracked 
| 103|0x0000000710800000, 0x0000000710800000, 0x0000000710a00000|  0%| F|  |TAMS 0x0000000710800000, 0x0000000710800000| Untracked 
| 104|0x0000000710a00000, 0x0000000710c00000, 0x0000000710c00000|100%| S|CS|TAMS 0x0000000710a00000, 0x0000000710a00000| Complete 
| 105|0x0000000710c00000, 0x0000000710e00000, 0x0000000710e00000|100%| S|CS|TAMS 0x0000000710c00000, 0x0000000710c00000| Complete 
| 106|0x0000000710e00000, 0x0000000711000000, 0x0000000711000000|100%| S|CS|TAMS 0x0000000710e00000, 0x0000000710e00000| Complete 
| 107|0x0000000711000000, 0x0000000711000000, 0x0000000711200000|  0%| F|  |TAMS 0x0000000711000000, 0x0000000711000000| Untracked 
| 108|0x0000000711200000, 0x0000000711200000, 0x0000000711400000|  0%| F|  |TAMS 0x0000000711200000, 0x0000000711200000| Untracked 
| 109|0x0000000711400000, 0x0000000711400000, 0x0000000711600000|  0%| F|  |TAMS 0x0000000711400000, 0x0000000711400000| Untracked 
| 110|0x0000000711600000, 0x0000000711600000, 0x0000000711800000|  0%| F|  |TAMS 0x0000000711600000, 0x0000000711600000| Untracked 
| 111|0x0000000711800000, 0x0000000711800000, 0x0000000711a00000|  0%| F|  |TAMS 0x0000000711800000, 0x0000000711800000| Untracked 
| 112|0x0000000711a00000, 0x0000000711a00000, 0x0000000711c00000|  0%| F|  |TAMS 0x0000000711a00000, 0x0000000711a00000| Untracked 
| 113|0x0000000711c00000, 0x0000000711c00000, 0x0000000711e00000|  0%| F|  |TAMS 0x0000000711c00000, 0x0000000711c00000| Untracked 
| 114|0x0000000711e00000, 0x0000000711e00000, 0x0000000712000000|  0%| F|  |TAMS 0x0000000711e00000, 0x0000000711e00000| Untracked 
| 115|0x0000000712000000, 0x0000000712000000, 0x0000000712200000|  0%| F|  |TAMS 0x0000000712000000, 0x0000000712000000| Untracked 
| 116|0x0000000712200000, 0x0000000712200000, 0x0000000712400000|  0%| F|  |TAMS 0x0000000712200000, 0x0000000712200000| Untracked 
| 117|0x0000000712400000, 0x0000000712400000, 0x0000000712600000|  0%| F|  |TAMS 0x0000000712400000, 0x0000000712400000| Untracked 
| 118|0x0000000712600000, 0x0000000712600000, 0x0000000712800000|  0%| F|  |TAMS 0x0000000712600000, 0x0000000712600000| Untracked 
| 119|0x0000000712800000, 0x0000000712800000, 0x0000000712a00000|  0%| F|  |TAMS 0x0000000712800000, 0x0000000712800000| Untracked 
| 120|0x0000000712a00000, 0x0000000712a00000, 0x0000000712c00000|  0%| F|  |TAMS 0x0000000712a00000, 0x0000000712a00000| Untracked 
| 121|0x0000000712c00000, 0x0000000712c5f228, 0x0000000712e00000| 18%| E|  |TAMS 0x0000000712c00000, 0x0000000712c00000| Complete 
| 122|0x0000000712e00000, 0x0000000713000000, 0x0000000713000000|100%| E|CS|TAMS 0x0000000712e00000, 0x0000000712e00000| Complete 
| 123|0x0000000713000000, 0x0000000713200000, 0x0000000713200000|100%| E|CS|TAMS 0x0000000713000000, 0x0000000713000000| Complete 
| 124|0x0000000713200000, 0x0000000713400000, 0x0000000713400000|100%| E|CS|TAMS 0x0000000713200000, 0x0000000713200000| Complete 
| 125|0x0000000713400000, 0x0000000713600000, 0x0000000713600000|100%| E|CS|TAMS 0x0000000713400000, 0x0000000713400000| Complete 
| 126|0x0000000713600000, 0x0000000713800000, 0x0000000713800000|100%| E|CS|TAMS 0x0000000713600000, 0x0000000713600000| Complete 

Card table byte_map: [0x0000026877e20000,0x0000026878610000] _byte_map_base: 0x0000026874603000

Marking Bits (Prev, Next): (CMBitMap*) 0x00000268601f9a70, (CMBitMap*) 0x00000268601f9ab0
 Prev Bits: [0x0000026878e00000, 0x000002687cd18000)
 Next Bits: [0x0000026800000000, 0x0000026803f18000)

Polling page: 0x000002685f940000

Metaspace:

Usage:
  Non-class:     11.82 MB used.
      Class:      1.82 MB used.
       Both:     13.64 MB used.

Virtual space:
  Non-class space:       64.00 MB reserved,      12.00 MB ( 19%) committed,  1 nodes.
      Class space:        1.00 GB reserved,       1.94 MB ( <1%) committed,  1 nodes.
             Both:        1.06 GB reserved,      13.94 MB (  1%) committed. 

Chunk freelists:
   Non-Class:  3.84 MB
       Class:  2.07 MB
        Both:  5.91 MB

MaxMetaspaceSize: unlimited
CompressedClassSpaceSize: 1.00 GB
Initial GC threshold: 21.00 MB
Current GC threshold: 21.00 MB
CDS: on
MetaspaceReclaimPolicy: balanced
 - commit_granule_bytes: 65536.
 - commit_granule_words: 8192.
 - virtual_space_node_default_size: 8388608.
 - enlarge_chunks_in_place: 1.
 - new_chunks_are_fully_committed: 0.
 - uncommit_free_chunks: 1.
 - use_allocation_guard: 0.


Internal statistics:

num_allocs_failed_limit: 0.
num_arena_births: 324.
num_arena_deaths: 0.
num_vsnodes_births: 2.
num_vsnodes_deaths: 0.
num_space_committed: 223.
num_space_uncommitted: 0.
num_chunks_returned_to_freelist: 0.
num_chunks_taken_from_freelist: 775.
num_chunk_merges: 0.
num_chunk_splits: 521.
num_chunks_enlarged: 392.
num_inconsistent_stats: 0.

CodeHeap 'non-profiled nmethods': size=120000Kb used=1178Kb max_used=1178Kb free=118821Kb
 bounds [0x000002686fbb0000, 0x000002686fe20000, 0x00000268770e0000]
CodeHeap 'profiled nmethods': size=120000Kb used=4911Kb max_used=4911Kb free=115088Kb
 bounds [0x00000268680e0000, 0x00000268685b0000, 0x000002686f610000]
CodeHeap 'non-nmethods': size=5760Kb used=1496Kb max_used=1557Kb free=4264Kb
 bounds [0x000002686f610000, 0x000002686f880000, 0x000002686fbb0000]
 total_blobs=3087 nmethods=2331 adapters=666
 compilation: enabled
              stopped_count=0, restarted_count=0
 full_count=0

Compilation events (20 events):
Event: 1.480 Thread 0x000002687f9bbe80 nmethod 2317 0x00000268685a5c10 code [0x00000268685a5e40, 0x00000268685a65b8]
Event: 1.480 Thread 0x000002687f9bbe80 2318       3       java.lang.invoke.MethodHandles$Lookup::maybeBindCaller (72 bytes)
Event: 1.481 Thread 0x000002687f9bbe80 nmethod 2318 0x00000268685a6810 code [0x00000268685a6a40, 0x00000268685a7308]
Event: 1.482 Thread 0x000002687f9bb110 2319       4       java.util.concurrent.ConcurrentHashMap::addCount (280 bytes)
Event: 1.482 Thread 0x000002687f9bbe80 2320       3       java.lang.invoke.InvokerBytecodeGenerator::generateCustomizedCode (34 bytes)
Event: 1.483 Thread 0x000002687f9bbe80 nmethod 2320 0x00000268685a7610 code [0x00000268685a77e0, 0x00000268685a7a98]
Event: 1.483 Thread 0x000002687f9bbe80 2321       3       java.lang.invoke.InvokerBytecodeGenerator::lookupPregenerated (294 bytes)
Event: 1.484 Thread 0x000002687f9bbe80 nmethod 2321 0x00000268685a7b90 code [0x00000268685a7f20, 0x00000268685a9448]
Event: 1.484 Thread 0x000002687f9bb110 nmethod 2319 0x000002686fcd2d90 code [0x000002686fcd2f40, 0x000002686fcd31a8]
Event: 1.487 Thread 0x000002687f9bb110 2322       4       java.lang.invoke.Invokers::checkExactType (17 bytes)
Event: 1.487 Thread 0x000002687f9bbe80 2323       3       java.lang.invoke.MethodType::methodType (21 bytes)
Event: 1.487 Thread 0x000002687f9bbe80 nmethod 2323 0x00000268685a9a90 code [0x00000268685a9c60, 0x00000268685a9e38]
Event: 1.488 Thread 0x000002687f9bb110 nmethod 2322 0x000002686fcd3490 code [0x000002686fcd3620, 0x000002686fcd36b8]
Event: 1.488 Thread 0x000002687f9bbe80 2324       3       java.lang.invoke.InnerClassLambdaMetafactory::getLoadOpcode (26 bytes)
Event: 1.488 Thread 0x000002687f9bbe80 nmethod 2324 0x00000268685a9f10 code [0x00000268685aa0e0, 0x00000268685aa318]
Event: 1.488 Thread 0x000002687f9bbe80 2325       3       java.lang.invoke.InnerClassLambdaMetafactory::getParameterSize (27 bytes)
Event: 1.488 Thread 0x000002687f9bbe80 nmethod 2325 0x00000268685aa410 code [0x00000268685aa5c0, 0x00000268685aa7d8]
Event: 1.494 Thread 0x000002687f9bb110 2326       4       java.lang.invoke.Invokers::checkCustomized (23 bytes)
Event: 1.495 Thread 0x000002687f9bb110 nmethod 2326 0x000002686fcd3790 code [0x000002686fcd3920, 0x000002686fcd39c8]
Event: 1.496 Thread 0x00000268082610b0 nmethod 2310% 0x000002686fcd3a90 code [0x000002686fcd3c80, 0x000002686fcd4bb8]

GC Heap History (4 events):
Event: 0.460 GC heap before
{Heap before GC invocations=0 (full 0):
 garbage-first heap   total 260096K, used 20480K [0x0000000703a00000, 0x0000000800000000)
  region size 2048K, 11 young (22528K), 0 survivors (0K)
 Metaspace       used 5472K, committed 5696K, reserved 1114112K
  class space    used 660K, committed 768K, reserved 1048576K
}
Event: 0.462 GC heap after
{Heap after GC invocations=1 (full 0):
 garbage-first heap   total 260096K, used 2950K [0x0000000703a00000, 0x0000000800000000)
  region size 2048K, 2 young (4096K), 2 survivors (4096K)
 Metaspace       used 5472K, committed 5696K, reserved 1114112K
  class space    used 660K, committed 768K, reserved 1048576K
}
Event: 1.278 GC heap before
{Heap before GC invocations=1 (full 0):
 garbage-first heap   total 260096K, used 93062K [0x0000000703a00000, 0x0000000800000000)
  region size 2048K, 20 young (40960K), 2 survivors (4096K)
 Metaspace       used 11181K, committed 11456K, reserved 1114112K
  class space    used 1453K, committed 1600K, reserved 1048576K
}
Event: 1.283 GC heap after
{Heap after GC invocations=2 (full 0):
 garbage-first heap   total 260096K, used 75306K [0x0000000703a00000, 0x0000000800000000)
  region size 2048K, 3 young (6144K), 3 survivors (6144K)
 Metaspace       used 11181K, committed 11456K, reserved 1114112K
  class space    used 1453K, committed 1600K, reserved 1048576K
}

Dll operation events (20 events):
Event: 0.185 Loaded shared library C:\Program Files\Java\javafx-sdk-19.0.2.1\bin\api-ms-win-crt-locale-l1-1-0.dll
Event: 0.186 Loaded shared library C:\Program Files\Java\javafx-sdk-19.0.2.1\bin\api-ms-win-crt-math-l1-1-0.dll
Event: 0.188 Loaded shared library C:\Program Files\Java\javafx-sdk-19.0.2.1\bin\api-ms-win-crt-multibyte-l1-1-0.dll
Event: 0.189 Loaded shared library C:\Program Files\Java\javafx-sdk-19.0.2.1\bin\api-ms-win-crt-private-l1-1-0.dll
Event: 0.190 Loaded shared library C:\Program Files\Java\javafx-sdk-19.0.2.1\bin\api-ms-win-crt-process-l1-1-0.dll
Event: 0.192 Loaded shared library C:\Program Files\Java\javafx-sdk-19.0.2.1\bin\api-ms-win-crt-runtime-l1-1-0.dll
Event: 0.194 Loaded shared library C:\Program Files\Java\javafx-sdk-19.0.2.1\bin\api-ms-win-crt-stdio-l1-1-0.dll
Event: 0.195 Loaded shared library C:\Program Files\Java\javafx-sdk-19.0.2.1\bin\api-ms-win-crt-string-l1-1-0.dll
Event: 0.197 Loaded shared library C:\Program Files\Java\javafx-sdk-19.0.2.1\bin\api-ms-win-crt-time-l1-1-0.dll
Event: 0.198 Loaded shared library C:\Program Files\Java\javafx-sdk-19.0.2.1\bin\api-ms-win-crt-utility-l1-1-0.dll
Event: 0.199 Loaded shared library C:\Program Files\Java\javafx-sdk-19.0.2.1\bin\ucrtbase.dll
Event: 0.201 Loaded shared library C:\Program Files\Java\javafx-sdk-19.0.2.1\bin\vcruntime140.dll
Event: 0.202 Loaded shared library C:\Program Files\Java\javafx-sdk-19.0.2.1\bin\vcruntime140_1.dll
Event: 0.203 Loaded shared library C:\Program Files\Java\javafx-sdk-19.0.2.1\bin\msvcp140.dll
Event: 0.204 Loaded shared library C:\Program Files\Java\javafx-sdk-19.0.2.1\bin\msvcp140_1.dll
Event: 0.205 Loaded shared library C:\Program Files\Java\javafx-sdk-19.0.2.1\bin\msvcp140_2.dll
Event: 0.228 Loaded shared library C:\Program Files\Java\javafx-sdk-19.0.2.1\bin\prism_d3d.dll
Event: 0.282 Loaded shared library C:\Program Files\Java\javafx-sdk-19.0.2.1\bin\glass.dll
Event: 0.412 Loaded shared library C:\Program Files\Java\jdk-19\bin\jimage.dll
Event: 0.696 Loaded shared library C:\Program Files\Java\javafx-sdk-19.0.2.1\bin\javafx_font.dll

Deoptimization events (20 events):
Event: 1.383 Thread 0x0000026808e5a720 Uncommon trap: trap_request=0xffffff66 fr.pc=0x000002686fc8e61c relative=0x000000000000017c
Event: 1.383 Thread 0x0000026808e5a720 Uncommon trap: reason=speculate_class_check action=maybe_recompile pc=0x000002686fc8e61c method=com.sun.javafx.css.BitSet.containsAll(Ljava/util/Collection;)Z @ 20 c2
Event: 1.383 Thread 0x0000026808e5a720 DEOPT PACKING pc=0x000002686fc8e61c sp=0x000000b1666fd630
Event: 1.383 Thread 0x0000026808e5a720 DEOPT UNPACKING pc=0x000002686f67a5a3 sp=0x000000b1666fd5c8 mode 2
Event: 1.383 Thread 0x0000026808e5a720 Uncommon trap: trap_request=0xffffff66 fr.pc=0x000002686fc8e61c relative=0x000000000000017c
Event: 1.383 Thread 0x0000026808e5a720 Uncommon trap: reason=speculate_class_check action=maybe_recompile pc=0x000002686fc8e61c method=com.sun.javafx.css.BitSet.containsAll(Ljava/util/Collection;)Z @ 20 c2
Event: 1.383 Thread 0x0000026808e5a720 DEOPT PACKING pc=0x000002686fc8e61c sp=0x000000b1666fd4a0
Event: 1.383 Thread 0x0000026808e5a720 DEOPT UNPACKING pc=0x000002686f67a5a3 sp=0x000000b1666fd438 mode 2
Event: 1.384 Thread 0x0000026808e5a720 Uncommon trap: trap_request=0xffffffde fr.pc=0x000002686fbc23c4 relative=0x00000000000001a4
Event: 1.384 Thread 0x0000026808e5a720 Uncommon trap: reason=class_check action=maybe_recompile pc=0x000002686fbc23c4 method=java.lang.String.equals(Ljava/lang/Object;)Z @ 8 c2
Event: 1.384 Thread 0x0000026808e5a720 DEOPT PACKING pc=0x000002686fbc23c4 sp=0x000000b1666fd930
Event: 1.384 Thread 0x0000026808e5a720 DEOPT UNPACKING pc=0x000002686f67a5a3 sp=0x000000b1666fd8d8 mode 2
Event: 1.399 Thread 0x0000026808e5a720 DEOPT PACKING pc=0x00000268684dd238 sp=0x000000b1666fcad0
Event: 1.399 Thread 0x0000026808e5a720 DEOPT UNPACKING pc=0x000002686f67b0e3 sp=0x000000b1666fbfc0 mode 0
Event: 1.429 Thread 0x0000026808e5a720 DEOPT PACKING pc=0x000002686819a93e sp=0x000000b1666fd470
Event: 1.429 Thread 0x0000026808e5a720 DEOPT UNPACKING pc=0x000002686f67b0e3 sp=0x000000b1666fc910 mode 0
Event: 1.484 Thread 0x0000026808f0d4d0 Uncommon trap: trap_request=0xffffff45 fr.pc=0x000002686fca6c48 relative=0x0000000000007c08
Event: 1.484 Thread 0x0000026808f0d4d0 Uncommon trap: reason=unstable_if action=reinterpret pc=0x000002686fca6c48 method=java.io.BufferedInputStream.read1([BII)I @ 22 c2
Event: 1.484 Thread 0x0000026808f0d4d0 DEOPT PACKING pc=0x000002686fca6c48 sp=0x000000b1663fde00
Event: 1.484 Thread 0x0000026808f0d4d0 DEOPT UNPACKING pc=0x000002686f67a5a3 sp=0x000000b1663fde88 mode 2

Classes loaded (20 events):
Event: 1.406 Loading class java/lang/foreign/MemorySession done
Event: 1.406 Loading class jdk/internal/foreign/MemorySessionImpl done
Event: 1.407 Loading class jdk/internal/icu/text/UTF16
Event: 1.407 Loading class jdk/internal/icu/text/UTF16 done
Event: 1.408 Loading class jdk/internal/icu/text/BidiLine
Event: 1.408 Loading class jdk/internal/icu/text/BidiLine done
Event: 1.439 Loading class java/lang/ArrayIndexOutOfBoundsException
Event: 1.439 Loading class java/lang/ArrayIndexOutOfBoundsException done
Event: 1.442 Loading class java/lang/FdLibm$Hypot
Event: 1.442 Loading class java/lang/FdLibm$Hypot done
Event: 1.442 Loading class java/lang/FdLibm
Event: 1.442 Loading class java/lang/FdLibm done
Event: 1.451 Loading class java/util/WeakHashMap$EntrySet
Event: 1.451 Loading class java/util/WeakHashMap$EntrySet done
Event: 1.451 Loading class java/util/WeakHashMap$EntryIterator
Event: 1.451 Loading class java/util/WeakHashMap$EntryIterator done
Event: 1.457 Loading class java/nio/HeapIntBuffer
Event: 1.457 Loading class java/nio/HeapIntBuffer done
Event: 1.484 Loading class java/nio/DirectByteBuffer$Deallocator
Event: 1.484 Loading class java/nio/DirectByteBuffer$Deallocator done

Classes unloaded (0 events):
No events

Classes redefined (0 events):
No events

Internal exceptions (20 events):
Event: 0.614 Thread 0x0000026808e5a720 Exception <a 'java/lang/NoSuchMethodError'{0x000000071303fd20}: 'double java.lang.invoke.DelegatingMethodHandle$Holder.reinvoke_L(java.lang.Object, java.lang.Object, int)'> (0x000000071303fd20) 
thrown [s\open\src\hotspot\share\interpreter\linkResolver.cpp, line 774]
Event: 0.614 Thread 0x0000026808e5a720 Exception <a 'java/lang/NoSuchMethodError'{0x000000071304a1f0}: 'void java.lang.invoke.DelegatingMethodHandle$Holder.reinvoke_L(java.lang.Object, java.lang.Object, double)'> (0x000000071304a1f0) 
thrown [s\open\src\hotspot\share\interpreter\linkResolver.cpp, line 774]
Event: 0.683 Thread 0x0000026808e5a720 Exception <a 'java/lang/ClassNotFoundException'{0x00000007131ced00}: com/sun/glass/ui/win/themes> (0x00000007131ced00) 
thrown [s\open\src\hotspot\share\prims\jni.cpp, line 536]
Event: 0.684 Thread 0x0000026808e5a720 Exception <a 'java/lang/ClassNotFoundException'{0x00000007131daee8}: com/sun/glass/ui/win/themes_en> (0x00000007131daee8) 
thrown [s\open\src\hotspot\share\prims\jni.cpp, line 536]
Event: 0.684 Thread 0x0000026808e5a720 Exception <a 'java/lang/ClassNotFoundException'{0x00000007131ded58}: com/sun/glass/ui/win/themes_en_US> (0x00000007131ded58) 
thrown [s\open\src\hotspot\share\prims\jni.cpp, line 536]
Event: 0.728 Thread 0x0000026808e5a720 Exception <a 'java/lang/NoSuchMethodError'{0x000000071288ffd8}: 'void java.lang.invoke.DirectMethodHandle$Holder.invokeStaticInit(java.lang.Object, java.lang.Object)'> (0x000000071288ffd8) 
thrown [s\open\src\hotspot\share\interpreter\linkResolver.cpp, line 774]
Event: 1.229 Thread 0x0000026808e5a720 Exception <a 'java/io/FileNotFoundException'{0x0000000711395f50}> (0x0000000711395f50) 
thrown [s\open\src\hotspot\share\prims\jni.cpp, line 517]
Event: 1.348 Thread 0x0000026808e5a720 Implicit null exception at 0x000002686fc30d14 to 0x000002686fc31394
Event: 1.372 Thread 0x0000026808e5a720 Implicit null exception at 0x000002686fc300af to 0x000002686fc30328
Event: 1.372 Thread 0x0000026808e5a720 Implicit null exception at 0x000002686fbd6bd8 to 0x000002686fbd6c6e
Event: 1.387 Thread 0x0000026808e5a720 Exception <a 'java/lang/ClassNotFoundException'{0x00000007132e88d0}: com/sun/javafx/scene/control/skin/resources/controls> (0x00000007132e88d0) 
thrown [s\open\src\hotspot\share\prims\jni.cpp, line 536]
Event: 1.388 Thread 0x0000026808e5a720 Exception <a 'java/lang/ClassNotFoundException'{0x00000007132f66a8}: com/sun/javafx/scene/control/skin/resources/controls_en> (0x00000007132f66a8) 
thrown [s\open\src\hotspot\share\prims\jni.cpp, line 536]
Event: 1.388 Thread 0x0000026808e5a720 Exception <a 'java/lang/ClassNotFoundException'{0x00000007132f7ac0}: com/sun/javafx/scene/control/skin/resources/controls_en_US> (0x00000007132f7ac0) 
thrown [s\open\src\hotspot\share\prims\jni.cpp, line 536]
Event: 1.391 Thread 0x0000026808e5a720 Exception <a 'java/lang/NoSuchMethodError'{0x0000000713320ec8}: 'java.lang.Object java.lang.invoke.DirectMethodHandle$Holder.invokeInterface(java.lang.Object, java.lang.Object, java.lang.Object)'> (0x0000000713320ec8) 
thrown [s\open\src\hotspot\share\interpreter\linkResolver.cpp, line 774]
Event: 1.391 Thread 0x0000026808e5a720 Exception <a 'java/lang/IncompatibleClassChangeError'{0x0000000713324858}: Found class java.lang.Object, but interface was expected> (0x0000000713324858) 
thrown [s\open\src\hotspot\share\interpreter\linkResolver.cpp, line 841]
Event: 1.408 Thread 0x0000026808e5a720 Exception <a 'java/lang/NoSuchMethodError'{0x00000007133e6fa8}: 'int java.lang.invoke.DirectMethodHandle$Holder.invokeSpecial(java.lang.Object, java.lang.Object, int)'> (0x00000007133e6fa8) 
thrown [s\open\src\hotspot\share\interpreter\linkResolver.cpp, line 774]
Event: 1.445 Thread 0x0000026808e5a720 Exception <a 'java/lang/NoSuchMethodError'{0x0000000713198130}: 'java.lang.Object java.lang.invoke.DirectMethodHandle$Holder.newInvokeSpecial(java.lang.Object, java.lang.Object, int)'> (0x0000000713198130) 
thrown [s\open\src\hotspot\share\interpreter\linkResolver.cpp, line 774]
Event: 1.474 Thread 0x0000026808f0d4d0 Exception <a 'java/lang/NoSuchMethodError'{0x0000000712ef4d18}: 'int java.lang.invoke.DirectMethodHandle$Holder.invokeStaticInit(java.lang.Object, java.lang.Object)'> (0x0000000712ef4d18) 
thrown [s\open\src\hotspot\share\interpreter\linkResolver.cpp, line 774]
Event: 1.483 Thread 0x0000026808f0d4d0 Exception <a 'java/lang/NoSuchMethodError'{0x0000000712f71620}: 'java.lang.Object java.lang.invoke.Invokers$Holder.invokeExact_MT(java.lang.Object, java.lang.Object, java.lang.Object, java.lang.Object, java.lang.Object)'> (0x0000000712f71620) 
thrown [s\open\src\hotspot\share\interpreter\linkResolver.cpp, line 774]
Event: 1.486 Thread 0x0000026808f0d4d0 Exception <a 'java/lang/NoSuchMethodError'{0x0000000712f99be0}: 'java.lang.Object java.lang.invoke.DirectMethodHandle$Holder.invokeStaticInit(java.lang.Object, int)'> (0x0000000712f99be0) 
thrown [s\open\src\hotspot\share\interpreter\linkResolver.cpp, line 774]

VM Operations (20 events):
Event: 0.460 Executing VM operation: G1CollectForAllocation
Event: 0.462 Executing VM operation: G1CollectForAllocation done
Event: 0.699 Executing VM operation: HandshakeAllThreads
Event: 0.699 Executing VM operation: HandshakeAllThreads done
Event: 0.900 Executing VM operation: ICBufferFull
Event: 0.900 Executing VM operation: ICBufferFull done
Event: 1.248 Executing VM operation: HandshakeAllThreads
Event: 1.248 Executing VM operation: HandshakeAllThreads done
Event: 1.277 Executing VM operation: G1CollectForAllocation
Event: 1.283 Executing VM operation: G1CollectForAllocation done
Event: 1.339 Executing VM operation: HandshakeAllThreads
Event: 1.339 Executing VM operation: HandshakeAllThreads done
Event: 1.346 Executing VM operation: HandshakeAllThreads
Event: 1.346 Executing VM operation: HandshakeAllThreads done
Event: 1.394 Executing VM operation: HandshakeAllThreads
Event: 1.394 Executing VM operation: HandshakeAllThreads done
Event: 1.394 Executing VM operation: HandshakeAllThreads
Event: 1.394 Executing VM operation: HandshakeAllThreads done
Event: 1.457 Executing VM operation: HandshakeAllThreads
Event: 1.457 Executing VM operation: HandshakeAllThreads done

Events (20 events):
Event: 0.013 Thread 0x0000026860186b70 Thread added: 0x0000026860186b70
Event: 0.022 Thread 0x000002687f996ac0 Thread added: 0x000002687f996ac0
Event: 0.022 Thread 0x000002687f9973f0 Thread added: 0x000002687f9973f0
Event: 0.023 Thread 0x000002687f99c0b0 Thread added: 0x000002687f99c0b0
Event: 0.023 Thread 0x000002687f99c9e0 Thread added: 0x000002687f99c9e0
Event: 0.023 Thread 0x000002687f99d310 Thread added: 0x000002687f99d310
Event: 0.023 Thread 0x000002687f9abc80 Thread added: 0x000002687f9abc80
Event: 0.023 Thread 0x000002687f9bb110 Thread added: 0x000002687f9bb110
Event: 0.023 Thread 0x000002687f9bbe80 Thread added: 0x000002687f9bbe80
Event: 0.023 Thread 0x000002687f9bc7f0 Thread added: 0x000002687f9bc7f0
Event: 0.040 Thread 0x00000268081be7e0 Thread added: 0x00000268081be7e0
Event: 0.076 Thread 0x000002680825e340 Thread added: 0x000002680825e340
Event: 0.077 Thread 0x00000268082610b0 Thread added: 0x00000268082610b0
Event: 0.108 Thread 0x00000268082541e0 Thread added: 0x00000268082541e0
Event: 0.223 Thread 0x0000026808f0d4d0 Thread added: 0x0000026808f0d4d0
Event: 0.284 Thread 0x000002680959e5a0 Thread added: 0x000002680959e5a0
Event: 0.287 Thread 0x0000026808e5a720 Thread added: 0x0000026808e5a720
Event: 0.392 Thread 0x000002680936f020 Thread added: 0x000002680936f020
Event: 0.404 Thread 0x0000026809682a80 Thread added: 0x0000026809682a80
Event: 0.785 Thread 0x000002680990d570 Thread added: 0x000002680990d570


Dynamic libraries:
0x00007ff7a85e0000 - 0x00007ff7a85f0000 	C:\Program Files\Java\jdk-19\bin\javaw.exe
0x00007ff9f99f0000 - 0x00007ff9f9c04000 	C:\WINDOWS\SYSTEM32\ntdll.dll
0x00007ff9f8360000 - 0x00007ff9f8422000 	C:\WINDOWS\System32\KERNEL32.DLL
0x00007ff9f7460000 - 0x00007ff9f77fc000 	C:\WINDOWS\System32\KERNELBASE.dll
0x00007ff9f3db0000 - 0x00007ff9f3e46000 	C:\WINDOWS\SYSTEM32\apphelp.dll
0x00007ff9f7340000 - 0x00007ff9f7451000 	C:\WINDOWS\System32\ucrtbase.dll
0x00007ff9f3590000 - 0x00007ff9f35a8000 	C:\Program Files\Java\jdk-19\bin\jli.dll
0x00007ff9f31e0000 - 0x00007ff9f31fb000 	C:\Program Files\Java\jdk-19\bin\VCRUNTIME140.dll
0x00007ff9f8de0000 - 0x00007ff9f8e8e000 	C:\WINDOWS\System32\ADVAPI32.dll
0x00007ff9f8220000 - 0x00007ff9f82c7000 	C:\WINDOWS\System32\msvcrt.dll
0x00007ff9f8ce0000 - 0x00007ff9f8d84000 	C:\WINDOWS\System32\sechost.dll
0x00007ff9f7960000 - 0x00007ff9f7a77000 	C:\WINDOWS\System32\RPCRT4.dll
0x00007ff9f7b00000 - 0x00007ff9f7cab000 	C:\WINDOWS\System32\USER32.dll
0x00007ff9db820000 - 0x00007ff9dbaae000 	C:\WINDOWS\WinSxS\amd64_microsoft.windows.common-controls_6595b64144ccf1df_6.0.22621.608_none_a9444ca7c10bb01d\COMCTL32.dll
0x00007ff9f6e30000 - 0x00007ff9f6e56000 	C:\WINDOWS\System32\win32u.dll
0x00007ff9f8430000 - 0x00007ff9f8459000 	C:\WINDOWS\System32\GDI32.dll
0x00007ff9f6e60000 - 0x00007ff9f6f73000 	C:\WINDOWS\System32\gdi32full.dll
0x00007ff9f7070000 - 0x00007ff9f710a000 	C:\WINDOWS\System32\msvcp_win.dll
0x00007ff9eebd0000 - 0x00007ff9eebda000 	C:\WINDOWS\SYSTEM32\VERSION.dll
0x00007ff9f8da0000 - 0x00007ff9f8dd1000 	C:\WINDOWS\System32\IMM32.DLL
0x00007ff9f32d0000 - 0x00007ff9f32dc000 	C:\Program Files\Java\jdk-19\bin\vcruntime140_1.dll
0x00007ff9e4360000 - 0x00007ff9e43ee000 	C:\Program Files\Java\jdk-19\bin\msvcp140.dll
0x00007ff9732b0000 - 0x00007ff973f70000 	C:\Program Files\Java\jdk-19\bin\server\jvm.dll
0x00007ff9f1d10000 - 0x00007ff9f1d19000 	C:\WINDOWS\SYSTEM32\WSOCK32.dll
0x00007ff9ead40000 - 0x00007ff9ead74000 	C:\WINDOWS\SYSTEM32\WINMM.dll
0x00007ff9f81a0000 - 0x00007ff9f8211000 	C:\WINDOWS\System32\WS2_32.dll
0x00007ff9f5f30000 - 0x00007ff9f5f48000 	C:\WINDOWS\SYSTEM32\kernel.appcore.dll
0x00007ff9f1d00000 - 0x00007ff9f1d0a000 	C:\Program Files\Java\jdk-19\bin\jimage.dll
0x00007ff9f4780000 - 0x00007ff9f49ae000 	C:\WINDOWS\SYSTEM32\DBGHELP.DLL
0x00007ff9f7e10000 - 0x00007ff9f8199000 	C:\WINDOWS\System32\combase.dll
0x00007ff9f7880000 - 0x00007ff9f7957000 	C:\WINDOWS\System32\OLEAUT32.dll
0x00007ff9db350000 - 0x00007ff9db382000 	C:\WINDOWS\SYSTEM32\dbgcore.DLL
0x00007ff9f6f80000 - 0x00007ff9f6ffb000 	C:\WINDOWS\System32\bcryptPrimitives.dll
0x00007ff9e42f0000 - 0x00007ff9e4316000 	C:\Program Files\Java\jdk-19\bin\java.dll
0x00007ff9e4210000 - 0x00007ff9e42e7000 	C:\Program Files\Java\jdk-19\bin\jsvml.dll
0x00007ff9f91c0000 - 0x00007ff9f99b0000 	C:\WINDOWS\System32\SHELL32.dll
0x00007ff9f4e00000 - 0x00007ff9f56cd000 	C:\WINDOWS\SYSTEM32\windows.storage.dll
0x00007ff9f4cc0000 - 0x00007ff9f4dfe000 	C:\WINDOWS\SYSTEM32\wintypes.dll
0x00007ff9f8ec0000 - 0x00007ff9f8fb1000 	C:\WINDOWS\System32\SHCORE.dll
0x00007ff9f7cb0000 - 0x00007ff9f7d0e000 	C:\WINDOWS\System32\shlwapi.dll
0x00007ff9f6d60000 - 0x00007ff9f6d81000 	C:\WINDOWS\SYSTEM32\profapi.dll
0x00007ff9e39a0000 - 0x00007ff9e39b3000 	C:\Program Files\Java\jdk-19\bin\net.dll
0x00007ff9f0c90000 - 0x00007ff9f0dc7000 	C:\WINDOWS\SYSTEM32\WINHTTP.dll
0x00007ff9f6390000 - 0x00007ff9f63f9000 	C:\WINDOWS\system32\mswsock.dll
0x00007ff9d9ac0000 - 0x00007ff9d9ad6000 	C:\Program Files\Java\jdk-19\bin\nio.dll
0x00007ff9d9960000 - 0x00007ff9d9978000 	C:\Program Files\Java\jdk-19\bin\zip.dll
0x0000026803f50000 - 0x0000026803f53000 	C:\Program Files\Java\javafx-sdk-19.0.2.1\bin\api-ms-win-core-console-l1-1-0.dll
0x0000026803f60000 - 0x0000026803f63000 	C:\Program Files\Java\javafx-sdk-19.0.2.1\bin\api-ms-win-core-console-l1-2-0.dll
0x0000026803f70000 - 0x0000026803f73000 	C:\Program Files\Java\javafx-sdk-19.0.2.1\bin\api-ms-win-core-datetime-l1-1-0.dll
0x0000026803f80000 - 0x0000026803f83000 	C:\Program Files\Java\javafx-sdk-19.0.2.1\bin\api-ms-win-core-debug-l1-1-0.dll
0x0000026803f90000 - 0x0000026803f93000 	C:\Program Files\Java\javafx-sdk-19.0.2.1\bin\api-ms-win-core-errorhandling-l1-1-0.dll
0x0000026803fa0000 - 0x0000026803fa4000 	C:\Program Files\Java\javafx-sdk-19.0.2.1\bin\api-ms-win-core-file-l1-1-0.dll
0x0000026803fb0000 - 0x0000026803fb3000 	C:\Program Files\Java\javafx-sdk-19.0.2.1\bin\api-ms-win-core-file-l1-2-0.dll
0x0000026803fc0000 - 0x0000026803fc3000 	C:\Program Files\Java\javafx-sdk-19.0.2.1\bin\api-ms-win-core-file-l2-1-0.dll
0x0000026803fd0000 - 0x0000026803fd3000 	C:\Program Files\Java\javafx-sdk-19.0.2.1\bin\api-ms-win-core-handle-l1-1-0.dll
0x0000026803fe0000 - 0x0000026803fe3000 	C:\Program Files\Java\javafx-sdk-19.0.2.1\bin\api-ms-win-core-heap-l1-1-0.dll
0x0000026803ff0000 - 0x0000026803ff3000 	C:\Program Files\Java\javafx-sdk-19.0.2.1\bin\api-ms-win-core-interlocked-l1-1-0.dll
0x0000026809ce0000 - 0x0000026809ce3000 	C:\Program Files\Java\javafx-sdk-19.0.2.1\bin\api-ms-win-core-libraryloader-l1-1-0.dll
0x0000026809cf0000 - 0x0000026809cf3000 	C:\Program Files\Java\javafx-sdk-19.0.2.1\bin\api-ms-win-core-localization-l1-2-0.dll
0x0000026809d00000 - 0x0000026809d03000 	C:\Program Files\Java\javafx-sdk-19.0.2.1\bin\api-ms-win-core-memory-l1-1-0.dll
0x0000026809e50000 - 0x0000026809e53000 	C:\Program Files\Java\javafx-sdk-19.0.2.1\bin\api-ms-win-core-namedpipe-l1-1-0.dll
0x0000026809d10000 - 0x0000026809d13000 	C:\Program Files\Java\javafx-sdk-19.0.2.1\bin\api-ms-win-core-processenvironment-l1-1-0.dll
0x0000026809d20000 - 0x0000026809d23000 	C:\Program Files\Java\javafx-sdk-19.0.2.1\bin\api-ms-win-core-processthreads-l1-1-0.dll
0x0000026809d30000 - 0x0000026809d33000 	C:\Program Files\Java\javafx-sdk-19.0.2.1\bin\api-ms-win-core-processthreads-l1-1-1.dll
0x0000026809d40000 - 0x0000026809d43000 	C:\Program Files\Java\javafx-sdk-19.0.2.1\bin\api-ms-win-core-profile-l1-1-0.dll
0x0000026809d50000 - 0x0000026809d53000 	C:\Program Files\Java\javafx-sdk-19.0.2.1\bin\api-ms-win-core-rtlsupport-l1-1-0.dll
0x0000026809d60000 - 0x0000026809d63000 	C:\Program Files\Java\javafx-sdk-19.0.2.1\bin\api-ms-win-core-string-l1-1-0.dll
0x0000026809d70000 - 0x0000026809d73000 	C:\Program Files\Java\javafx-sdk-19.0.2.1\bin\api-ms-win-core-synch-l1-1-0.dll
0x0000026809d80000 - 0x0000026809d83000 	C:\Program Files\Java\javafx-sdk-19.0.2.1\bin\api-ms-win-core-synch-l1-2-0.dll
0x0000026809d90000 - 0x0000026809d93000 	C:\Program Files\Java\javafx-sdk-19.0.2.1\bin\api-ms-win-core-sysinfo-l1-1-0.dll
0x0000026809da0000 - 0x0000026809da3000 	C:\Program Files\Java\javafx-sdk-19.0.2.1\bin\api-ms-win-core-timezone-l1-1-0.dll
0x0000026809db0000 - 0x0000026809db3000 	C:\Program Files\Java\javafx-sdk-19.0.2.1\bin\api-ms-win-core-util-l1-1-0.dll
0x0000026809dc0000 - 0x0000026809dc3000 	C:\Program Files\Java\javafx-sdk-19.0.2.1\bin\api-ms-win-crt-conio-l1-1-0.dll
0x0000026809dd0000 - 0x0000026809dd4000 	C:\Program Files\Java\javafx-sdk-19.0.2.1\bin\api-ms-win-crt-convert-l1-1-0.dll
0x0000026809de0000 - 0x0000026809de3000 	C:\Program Files\Java\javafx-sdk-19.0.2.1\bin\api-ms-win-crt-environment-l1-1-0.dll
0x0000026809df0000 - 0x0000026809df3000 	C:\Program Files\Java\javafx-sdk-19.0.2.1\bin\api-ms-win-crt-filesystem-l1-1-0.dll
0x0000026809e00000 - 0x0000026809e03000 	C:\Program Files\Java\javafx-sdk-19.0.2.1\bin\api-ms-win-crt-heap-l1-1-0.dll
0x0000026809e10000 - 0x0000026809e13000 	C:\Program Files\Java\javafx-sdk-19.0.2.1\bin\api-ms-win-crt-locale-l1-1-0.dll
0x0000026809e20000 - 0x0000026809e25000 	C:\Program Files\Java\javafx-sdk-19.0.2.1\bin\api-ms-win-crt-math-l1-1-0.dll
0x0000026809e30000 - 0x0000026809e35000 	C:\Program Files\Java\javafx-sdk-19.0.2.1\bin\api-ms-win-crt-multibyte-l1-1-0.dll
0x0000026809e40000 - 0x0000026809e50000 	C:\Program Files\Java\javafx-sdk-19.0.2.1\bin\api-ms-win-crt-private-l1-1-0.dll
0x0000026809e60000 - 0x0000026809e63000 	C:\Program Files\Java\javafx-sdk-19.0.2.1\bin\api-ms-win-crt-process-l1-1-0.dll
0x0000026809e70000 - 0x0000026809e74000 	C:\Program Files\Java\javafx-sdk-19.0.2.1\bin\api-ms-win-crt-runtime-l1-1-0.dll
0x0000026809e80000 - 0x0000026809e84000 	C:\Program Files\Java\javafx-sdk-19.0.2.1\bin\api-ms-win-crt-stdio-l1-1-0.dll
0x0000026809e90000 - 0x0000026809e94000 	C:\Program Files\Java\javafx-sdk-19.0.2.1\bin\api-ms-win-crt-string-l1-1-0.dll
0x0000026809ea0000 - 0x0000026809ea3000 	C:\Program Files\Java\javafx-sdk-19.0.2.1\bin\api-ms-win-crt-time-l1-1-0.dll
0x0000026809eb0000 - 0x0000026809eb3000 	C:\Program Files\Java\javafx-sdk-19.0.2.1\bin\api-ms-win-crt-utility-l1-1-0.dll
0x00007ff9c8d70000 - 0x00007ff9c8e6c000 	C:\Program Files\Java\javafx-sdk-19.0.2.1\bin\ucrtbase.dll
0x00007ff9d2600000 - 0x00007ff9d261b000 	C:\Program Files\Java\javafx-sdk-19.0.2.1\bin\vcruntime140.dll
0x00007ff9d25f0000 - 0x00007ff9d25fc000 	C:\Program Files\Java\javafx-sdk-19.0.2.1\bin\vcruntime140_1.dll
0x00007ff9c8ce0000 - 0x00007ff9c8d6e000 	C:\Program Files\Java\javafx-sdk-19.0.2.1\bin\msvcp140.dll
0x00007ff9d2580000 - 0x00007ff9d2589000 	C:\Program Files\Java\javafx-sdk-19.0.2.1\bin\msvcp140_1.dll
0x00007ff9d2440000 - 0x00007ff9d2470000 	C:\Program Files\Java\javafx-sdk-19.0.2.1\bin\msvcp140_2.dll
0x00007ff9c8cb0000 - 0x00007ff9c8cdc000 	C:\Program Files\Java\javafx-sdk-19.0.2.1\bin\prism_d3d.dll
0x00007ff9e2160000 - 0x00007ff9e2309000 	C:\WINDOWS\system32\d3d9.dll
0x00007ff9f42c0000 - 0x00007ff9f42eb000 	C:\WINDOWS\SYSTEM32\dwmapi.dll
0x00007ff9f4080000 - 0x00007ff9f40b6000 	C:\WINDOWS\SYSTEM32\dxcore.dll
0x00007ff9f3f70000 - 0x00007ff9f401b000 	C:\WINDOWS\system32\uxtheme.dll
0x00007ff9eebe0000 - 0x00007ff9eec9e000 	C:\WINDOWS\System32\DriverStore\FileRepository\nvhdc.inf_amd64_48a4233ad39d8931\nvldumdx.dll
0x00007ff9f6750000 - 0x00007ff9f6762000 	C:\WINDOWS\SYSTEM32\msasn1.dll
0x00007ff9ee570000 - 0x00007ff9ee5a2000 	C:\WINDOWS\SYSTEM32\cryptnet.dll
0x00007ff9f7110000 - 0x00007ff9f7276000 	C:\WINDOWS\System32\CRYPT32.dll
0x00007ff9ee410000 - 0x00007ff9ee568000 	C:\WINDOWS\SYSTEM32\drvstore.dll
0x00007ff9f6af0000 - 0x00007ff9f6b1c000 	C:\WINDOWS\SYSTEM32\devobj.dll
0x00007ff9f6b20000 - 0x00007ff9f6b6e000 	C:\WINDOWS\SYSTEM32\cfgmgr32.dll
0x00007ff9f6690000 - 0x00007ff9f66d8000 	C:\WINDOWS\SYSTEM32\wldp.dll
0x00007ff9f65a0000 - 0x00007ff9f65ac000 	C:\WINDOWS\SYSTEM32\cryptbase.dll
0x00007ff9f7000000 - 0x00007ff9f706b000 	C:\WINDOWS\System32\WINTRUST.DLL
0x00007ff9f7ae0000 - 0x00007ff9f7aff000 	C:\WINDOWS\System32\imagehlp.dll
0x00007ff9f65e0000 - 0x00007ff9f65fb000 	C:\WINDOWS\SYSTEM32\CRYPTSP.dll
0x00007ff9f5ea0000 - 0x00007ff9f5ed5000 	C:\WINDOWS\system32\rsaenh.dll
0x00007ff9f6800000 - 0x00007ff9f6828000 	C:\WINDOWS\SYSTEM32\bcrypt.dll
0x00007ff9b02b0000 - 0x00007ff9b28bf000 	C:\WINDOWS\System32\DriverStore\FileRepository\nvhdc.inf_amd64_48a4233ad39d8931\nvd3dumx.dll
0x00007ff9f1220000 - 0x00007ff9f1268000 	C:\WINDOWS\SYSTEM32\directxdatabasehelper.dll
0x00007ff999e70000 - 0x00007ff999eb2000 	C:\Program Files\Java\javafx-sdk-19.0.2.1\bin\glass.dll
0x00007ff9f7d10000 - 0x00007ff9f7e07000 	C:\WINDOWS\System32\COMDLG32.dll
0x00007ff9f9020000 - 0x00007ff9f91bc000 	C:\WINDOWS\System32\ole32.dll
0x00007ff9f84c0000 - 0x00007ff9f85de000 	C:\WINDOWS\System32\MSCTF.dll
0x0000000000400000 - 0x0000000000419000 	X:\HDD-Hajzy\Programs\ComfortKeys\CKeysH64.dll
0x00007ff99cda0000 - 0x00007ff99d071000 	C:\WINDOWS\system32\nvspcap64.dll
0x00007ff9f5f50000 - 0x00007ff9f5f84000 	C:\WINDOWS\SYSTEM32\ntmarta.dll
0x00007ff9f6400000 - 0x00007ff9f6426000 	C:\WINDOWS\SYSTEM32\gpapi.dll
0x00007ff9d0ed0000 - 0x00007ff9d0ee4000 	C:\Program Files\Java\javafx-sdk-19.0.2.1\bin\javafx_font.dll
0x00007ff9f2710000 - 0x00007ff9f2977000 	C:\WINDOWS\SYSTEM32\dwrite.dll
0x00007ff9f8a70000 - 0x00007ff9f8b20000 	C:\WINDOWS\System32\clbcatq.dll
0x00007ff9f2560000 - 0x00007ff9f2710000 	C:\WINDOWS\SYSTEM32\WindowsCodecs.dll
0x00007ff9c4b40000 - 0x00007ff9c4b9e000 	C:\WINDOWS\system32\dataexchange.dll
0x00007ff9eed50000 - 0x00007ff9eefba000 	C:\WINDOWS\system32\twinapi.appcore.dll

dbghelp: loaded successfully - version: 4.0.5 - missing functions: none
symbol engine: initialized successfully - sym options: 0x614 - pdb path: .;C:\Program Files\Java\jdk-19\bin;C:\WINDOWS\SYSTEM32;C:\WINDOWS\WinSxS\amd64_microsoft.windows.common-controls_6595b64144ccf1df_6.0.22621.608_none_a9444ca7c10bb01d;C:\Program Files\Java\jdk-19\bin\server;C:\Program Files\Java\javafx-sdk-19.0.2.1\bin;C:\WINDOWS\System32\DriverStore\FileRepository\nvhdc.inf_amd64_48a4233ad39d8931;X:\HDD-Hajzy\Programs\ComfortKeys;C:\Program Files\Common Files\Microsoft Shared\Ink

VM Arguments:
jvm_args: --module-path=C:\Program Files\Java\javafx-sdk-19.0.2.1\lib --add-modules=javafx.controls,javafx.fxml -Dfile.encoding=UTF-8 -XX:+ShowCodeDetailsInExceptionMessages 
java_command: main.GameApplication
java_class_path (initial): C:\Users\HIGHSENBERG\git\bc-thesis-code\Paziaatus\bin;C:\Program Files\Java\javafx-sdk-19.0.2.1\lib\javafx.base.jar;C:\Program Files\Java\javafx-sdk-19.0.2.1\lib\javafx.controls.jar;C:\Program Files\Java\javafx-sdk-19.0.2.1\lib\javafx.fxml.jar;C:\Program Files\Java\javafx-sdk-19.0.2.1\lib\javafx.graphics.jar;C:\Program Files\Java\javafx-sdk-19.0.2.1\lib\javafx.media.jar;C:\Program Files\Java\javafx-sdk-19.0.2.1\lib\javafx.swing.jar;C:\Program Files\Java\javafx-sdk-19.0.2.1\lib\javafx.web.jar;C:\Program Files\Java\javafx-sdk-19.0.2.1\lib\javafx-swt.jar;C:\Users\HIGHSENBERG\.p2\pool\plugins\org.eclipse.fx.ide.css.jfx8_3.8.0.202204150904.jar;C:\Users\HIGHSENBERG\Hacker-Hajzy\IT\Java\gson-2.8.2.jar;C:\Users\HIGHSENBERG\Hacker-Hajzy\IT\Java\drivers\maven\maven-central\com.h2database\h2-1.4.199.jar
Launcher Type: SUN_STANDARD

[Global flags]
     intx CICompilerCount                          = 4                                         {product} {ergonomic}
     uint ConcGCThreads                            = 3                                         {product} {ergonomic}
     uint G1ConcRefinementThreads                  = 10                                        {product} {ergonomic}
   size_t G1HeapRegionSize                         = 2097152                                   {product} {ergonomic}
    uintx GCDrainStackTargetSize                   = 64                                        {product} {ergonomic}
   size_t InitialHeapSize                          = 266338304                                 {product} {ergonomic}
   size_t MarkStackSize                            = 4194304                                   {product} {ergonomic}
   size_t MaxHeapSize                              = 4234149888                                {product} {ergonomic}
   size_t MaxNewSize                               = 2539651072                                {product} {ergonomic}
   size_t MinHeapDeltaBytes                        = 2097152                                   {product} {ergonomic}
   size_t MinHeapSize                              = 8388608                                   {product} {ergonomic}
    uintx NonNMethodCodeHeapSize                   = 5839372                                {pd product} {ergonomic}
    uintx NonProfiledCodeHeapSize                  = 122909434                              {pd product} {ergonomic}
    uintx ProfiledCodeHeapSize                     = 122909434                              {pd product} {ergonomic}
    uintx ReservedCodeCacheSize                    = 251658240                              {pd product} {ergonomic}
     bool SegmentedCodeCache                       = true                                      {product} {ergonomic}
     bool ShowCodeDetailsInExceptionMessages       = true                                   {manageable} {command line}
   size_t SoftMaxHeapSize                          = 4234149888                             {manageable} {ergonomic}
     bool UseCompressedClassPointers               = true                           {product lp64_product} {ergonomic}
     bool UseCompressedOops                        = true                           {product lp64_product} {ergonomic}
     bool UseG1GC                                  = true                                      {product} {ergonomic}
     bool UseLargePagesIndividualAllocation        = false                                  {pd product} {ergonomic}

Logging:
Log output configuration:
 #0: stdout all=warning uptime,level,tags foldmultilines=false
 #1: stderr all=off uptime,level,tags foldmultilines=false

Environment Variables:
PATH=C:\Program Files\Common Files\Oracle\Java\javapath;C:\Program Files (x86)\Common Files\Oracle\Java\javapath;C:\windows\system32;C:\windows;C:\windows\System32\Wbem;C:\windows\System32\WindowsPowerShell\v1.0\;C:\windows\System32\OpenSSH\;C:\Program Files (x86)\NVIDIA Corporation\PhysX\Common;C:\Program Files\NVIDIA Corporation\NVIDIA NvDLISR;C:\WINDOWS\system32;C:\WINDOWS;C:\WINDOWS\System32\Wbem;C:\WINDOWS\System32\WindowsPowerShell\v1.0\;C:\WINDOWS\System32\OpenSSH\;C:\Program Files\dotnet\;C:\Users\HIGHSENBERG\AppData\Local\Microsoft\WindowsApps;C:\Users\HIGHSENBERG\Documents\IT\MiKTeX\miktex\bin\x64\;C:\Users\HIGHSENBERG\Hacker-Hajzy\Programs\MinGW\bin
USERNAME=HIGHSENBERG
OS=Windows_NT
PROCESSOR_IDENTIFIER=Intel64 Family 6 Model 167 Stepping 1, GenuineIntel
TMP=C:\Users\HIGHSENBERG\AppData\Local\Temp
TEMP=C:\Users\HIGHSENBERG\AppData\Local\Temp



---------------  S Y S T E M  ---------------

OS:
 Windows 11 , 64 bit Build 22621 (10.0.22621.1485)
OS uptime: 0 days 4:34 hours
Hyper-V role detected

CPU: total 12 (initial active 12) (6 cores per cpu, 2 threads per core) family 6 model 167 stepping 1 microcode 0x40, cx8, cmov, fxsr, ht, mmx, 3dnowpref, sse, sse2, sse3, ssse3, sse4.1, sse4.2, popcnt, lzcnt, tsc, tscinvbit, avx, avx2, aes, erms, clmul, bmi1, bmi2, adx, avx512f, avx512dq, avx512cd, avx512bw, avx512vl, sha, fma, vzeroupper, avx512_vpopcntdq, avx512_vpclmulqdq, avx512_vaes, avx512_vnni, clflush, clflushopt, avx512_vbmi2, avx512_vbmi, hv, rdtscp, rdpid, fsrm, gfni, avx512_bitalg

Memory: 4k page, system-wide physical 16150M (5550M free)
TotalPageFile size 18198M (AvailPageFile size 7M)
current process WorkingSet (physical memory assigned to process): 335M, peak: 341M
current process commit charge ("private bytes"): 574M, peak: 584M

vm_info: Java HotSpot(TM) 64-Bit Server VM (19.0.2+7-44) for windows-amd64 JRE (19.0.2+7-44), built on 2022-11-30T18:02:09Z by "mach5one" with MS VC++ 17.1 (VS2022)

END.
