#
# There is insufficient memory for the Java Runtime Environment to continue.
# Native memory allocation (malloc) failed to allocate 505840 bytes for Chunk::new
# Possible reasons:
#   The system is out of physical RAM or swap space
#   The process is running with CompressedOops enabled, and the Java Heap may be blocking the growth of the native heap
# Possible solutions:
#   Reduce memory load on the system
#   Increase physical memory or swap space
#   Check if swap backing store is full
#   Decrease Java heap size (-Xmx/-Xms)
#   Decrease number of Java threads
#   Decrease Java thread stack sizes (-Xss)
#   Set larger code cache with -XX:ReservedCodeCacheSize=
#   JVM is running with Zero Based Compressed Oops mode in which the Java heap is
#     placed in the first 32GB address space. The Java Heap base address is the
#     maximum limit for the native heap growth. Please use -XX:HeapBaseMinAddress
#     to set the Java Heap base and to place the Java Heap above 32GB virtual address.
# This output file may be truncated or incomplete.
#
#  Out of Memory Error (arena.cpp:184), pid=18660, tid=10564
#
# JRE version: Java(TM) SE Runtime Environment (19.0.2+7) (build 19.0.2+7-44)
# Java VM: Java HotSpot(TM) 64-Bit Server VM (19.0.2+7-44, mixed mode, sharing, tiered, compressed oops, compressed class ptrs, g1 gc, windows-amd64)
# No core dump will be written. Minidumps are not enabled by default on client versions of Windows
#

---------------  S U M M A R Y ------------

Command Line: --module-path=C:\Program Files\Java\javafx-sdk-19.0.2.1\lib --add-modules=javafx.controls,javafx.fxml -Dfile.encoding=UTF-8 -XX:+ShowCodeDetailsInExceptionMessages main.PaziaatusApplication

Host: 11th Gen Intel(R) Core(TM) i5-11400F @ 2.60GHz, 12 cores, 15G,  Windows 11 , 64 bit Build 22621 (10.0.22621.1344)
Time: Tue Apr 11 14:19:09 2023 Central Europe Daylight Time elapsed time: 37.808442 seconds (0d 0h 0m 37s)

---------------  T H R E A D  ---------------

Current thread (0x0000027c2e040b40):  JavaThread "C2 CompilerThread0" daemon [_thread_in_native, id=10564, stack(0x000000cab9700000,0x000000cab9800000)]


Current CompileTask:
C2:  37808 3565       4       com.sun.javafx.geom.Path2D::append (216 bytes)

Stack: [0x000000cab9700000,0x000000cab9800000]
Native frames: (J=compiled Java code, j=interpreted, Vv=VM code, C=native code)
V  [jvm.dll+0x6ee21a]
V  [jvm.dll+0x85765e]
V  [jvm.dll+0x85904e]
V  [jvm.dll+0x859703]
V  [jvm.dll+0x28298f]
V  [jvm.dll+0xc9adf]
V  [jvm.dll+0xc9e65]
V  [jvm.dll+0x3bca4c]
V  [jvm.dll+0x3860e1]
V  [jvm.dll+0x38555a]
V  [jvm.dll+0x24c3d9]
V  [jvm.dll+0x24b781]
V  [jvm.dll+0x1d6ce1]
V  [jvm.dll+0x25b25a]
V  [jvm.dll+0x2596e8]
V  [jvm.dll+0x807588]
V  [jvm.dll+0x80125a]
V  [jvm.dll+0x6ecf0b]
C  [ucrtbase.dll+0x29363]
C  [KERNEL32.DLL+0x126bd]
C  [ntdll.dll+0x5a9f8]


---------------  P R O C E S S  ---------------

Threads class SMR info:
_java_thread_list=0x0000027c3429ce40, length=20, elements={
0x0000027c06652bd0, 0x0000027c2e006d70, 0x0000027c2e007890, 0x0000027c2e00c640,
0x0000027c2e00f070, 0x0000027c2e00fa90, 0x0000027c2e01a8d0, 0x0000027c2e040b40,
0x0000027c2e0424c0, 0x0000027c2e043240, 0x0000027c2e10b280, 0x0000027c2e5034e0,
0x0000027c2e833cd0, 0x0000027c2e7a0680, 0x0000027c2e5751d0, 0x0000027c2ea97220,
0x0000027c2ea98760, 0x0000027c2ea99200, 0x0000027c2ea99750, 0x0000027c2ea97770
}

Java Threads: ( => current thread )
  0x0000027c06652bd0 JavaThread "main" [_thread_blocked, id=9768, stack(0x000000cab8a00000,0x000000cab8b00000)]
  0x0000027c2e006d70 JavaThread "Reference Handler" daemon [_thread_blocked, id=10892, stack(0x000000cab9100000,0x000000cab9200000)]
  0x0000027c2e007890 JavaThread "Finalizer" daemon [_thread_blocked, id=13064, stack(0x000000cab9200000,0x000000cab9300000)]
  0x0000027c2e00c640 JavaThread "Signal Dispatcher" daemon [_thread_blocked, id=19000, stack(0x000000cab9300000,0x000000cab9400000)]
  0x0000027c2e00f070 JavaThread "Attach Listener" daemon [_thread_blocked, id=8124, stack(0x000000cab9400000,0x000000cab9500000)]
  0x0000027c2e00fa90 JavaThread "Service Thread" daemon [_thread_blocked, id=5048, stack(0x000000cab9500000,0x000000cab9600000)]
  0x0000027c2e01a8d0 JavaThread "Monitor Deflation Thread" daemon [_thread_blocked, id=6612, stack(0x000000cab9600000,0x000000cab9700000)]
=>0x0000027c2e040b40 JavaThread "C2 CompilerThread0" daemon [_thread_in_native, id=10564, stack(0x000000cab9700000,0x000000cab9800000)]
  0x0000027c2e0424c0 JavaThread "C1 CompilerThread0" daemon [_thread_blocked, id=13080, stack(0x000000cab9800000,0x000000cab9900000)]
  0x0000027c2e043240 JavaThread "Sweeper thread" daemon [_thread_blocked, id=3328, stack(0x000000cab9900000,0x000000cab9a00000)]
  0x0000027c2e10b280 JavaThread "Common-Cleaner" daemon [_thread_blocked, id=14324, stack(0x000000cab9a00000,0x000000cab9b00000)]
  0x0000027c2e5034e0 JavaThread "Notification Thread" daemon [_thread_blocked, id=3232, stack(0x000000cab9d00000,0x000000cab9e00000)]
  0x0000027c2e833cd0 JavaThread "QuantumRenderer-0" daemon [_thread_in_native, id=15224, stack(0x000000cab9f00000,0x000000caba000000)]
  0x0000027c2e7a0680 JavaThread "InvokeLaterDispatcher" daemon [_thread_blocked, id=9792, stack(0x000000caba100000,0x000000caba200000)]
  0x0000027c2e5751d0 JavaThread "JavaFX Application Thread" [_thread_blocked, id=12216, stack(0x000000caba200000,0x000000caba300000)]
  0x0000027c2ea97220 JavaThread "JavaFX-Launcher" [_thread_blocked, id=12796, stack(0x000000caba400000,0x000000caba500000)]
  0x0000027c2ea98760 JavaThread "Thread-2" daemon [_thread_in_native, id=7720, stack(0x000000cab9c00000,0x000000cab9d00000)]
  0x0000027c2ea99200 JavaThread "Prism Font Disposer" daemon [_thread_blocked, id=5140, stack(0x000000cabaa00000,0x000000cabab00000)]
  0x0000027c2ea99750 JavaThread "Thread-3" [_thread_blocked, id=2260, stack(0x000000cabac00000,0x000000cabad00000)]
  0x0000027c2ea97770 JavaThread "Cleaner-0" daemon [_thread_blocked, id=18060, stack(0x000000cabb500000,0x000000cabb600000)]

Other Threads:
  0x0000027c272fbb70 VMThread "VM Thread" [stack: 0x000000cab9000000,0x000000cab9100000] [id=18524]
  0x0000027c2e27c180 WatcherThread "VM Periodic Task Thread" [stack: 0x000000cab9e00000,0x000000cab9f00000] [id=18892]
  0x0000027c066c6b10 WorkerThread "GC Thread#0" [stack: 0x000000cab8b00000,0x000000cab8c00000] [id=320]
  0x0000027c33356f10 WorkerThread "GC Thread#1" [stack: 0x000000caba500000,0x000000caba600000] [id=6116]
  0x0000027c33357780 WorkerThread "GC Thread#2" [stack: 0x000000caba600000,0x000000caba700000] [id=14984]
  0x0000027c333552f0 WorkerThread "GC Thread#3" [stack: 0x000000caba700000,0x000000caba800000] [id=18988]
  0x0000027c333563d0 WorkerThread "GC Thread#4" [stack: 0x000000caba800000,0x000000caba900000] [id=18480]
  0x0000027c33357a50 WorkerThread "GC Thread#5" [stack: 0x000000caba900000,0x000000cabaa00000] [id=17596]
  0x0000027c33355b60 WorkerThread "GC Thread#6" [stack: 0x000000cabb000000,0x000000cabb100000] [id=5336]
  0x0000027c333555c0 WorkerThread "GC Thread#7" [stack: 0x000000cabb100000,0x000000cabb200000] [id=16012]
  0x0000027c33356970 WorkerThread "GC Thread#8" [stack: 0x000000cabb200000,0x000000cabb300000] [id=7888]
  0x0000027c33355e30 WorkerThread "GC Thread#9" [stack: 0x000000cabb300000,0x000000cabb400000] [id=7416]
  0x0000027c066d3aa0 ConcurrentGCThread "G1 Main Marker" [stack: 0x000000cab8c00000,0x000000cab8d00000] [id=1460]
  0x0000027c27152d00 WorkerThread "G1 Conc#0" [stack: 0x000000cab8d00000,0x000000cab8e00000] [id=19196]
  0x0000027c271b9680 ConcurrentGCThread "G1 Refine#0" [stack: 0x000000cab8e00000,0x000000cab8f00000] [id=1944]
  0x0000027c271ba060 ConcurrentGCThread "G1 Service" [stack: 0x000000cab8f00000,0x000000cab9000000] [id=11332]

Threads with active compile tasks:
C2 CompilerThread0    37820 3565       4       com.sun.javafx.geom.Path2D::append (216 bytes)

VM state: not at safepoint (normal execution)

VM Mutex/Monitor currently owned by a thread: None

Heap address: 0x0000000703a00000, size: 4038 MB, Compressed Oops mode: Zero based, Oop shift amount: 3

CDS archive(s) mapped at: [0x0000000800000000-0x0000000800c40000-0x0000000800c40000), size 12845056, SharedBaseAddress: 0x0000000800000000, ArchiveRelocationMode: 0.
Compressed class space mapped at: 0x0000000801000000-0x0000000841000000, reserved size: 1073741824
Narrow klass base: 0x0000000800000000, Narrow klass shift: 0, Narrow klass range: 0x100000000

GC Precious Log:
 CardTable entry size: 512
 Card Set container configuration: InlinePtr #cards 4 size 8 Array Of Cards #cards 16 size 48 Howl #buckets 8 coarsen threshold 3686 Howl Bitmap #cards 512 size 80 coarsen threshold 460 Card regions per heap region 1 cards per card region 4096
 CPUs: 12 total, 12 available
 Memory: 16150M
 Large Page Support: Disabled
 NUMA Support: Disabled
 Compressed Oops: Enabled (Zero based)
 Heap Region Size: 2M
 Heap Min Capacity: 8M
 Heap Initial Capacity: 254M
 Heap Max Capacity: 4038M
 Pre-touch: Disabled
 Parallel Workers: 10
 Concurrent Workers: 3
 Concurrent Refinement Workers: 10
 Periodic GC: Disabled

Heap:
 garbage-first heap   total 260096K, used 76475K [0x0000000703a00000, 0x0000000800000000)
  region size 2048K, 18 young (36864K), 5 survivors (10240K)
 Metaspace       used 15277K, committed 15680K, reserved 1114112K
  class space    used 1942K, committed 2112K, reserved 1048576K

Heap Regions: E=young(eden), S=young(survivor), O=old, HS=humongous(starts), HC=humongous(continues), CS=collection set, F=free, OA=open archive, CA=closed archive, TAMS=top-at-mark-start (previous, next)
|   0|0x0000000703a00000, 0x0000000703c00000, 0x0000000703c00000|100%|HS|  |TAMS 0x0000000703a00000, 0x0000000703a00000| Complete 
|   1|0x0000000703c00000, 0x0000000703e00000, 0x0000000703e00000|100%|HC|  |TAMS 0x0000000703c00000, 0x0000000703c00000| Complete 
|   2|0x0000000703e00000, 0x0000000704000000, 0x0000000704000000|100%|HC|  |TAMS 0x0000000703e00000, 0x0000000703e00000| Complete 
|   3|0x0000000704000000, 0x0000000704200000, 0x0000000704200000|100%|HS|  |TAMS 0x0000000704000000, 0x0000000704000000| Complete 
|   4|0x0000000704200000, 0x0000000704400000, 0x0000000704400000|100%|HS|  |TAMS 0x0000000704200000, 0x0000000704200000| Complete 
|   5|0x0000000704400000, 0x0000000704600000, 0x0000000704600000|100%|HS|  |TAMS 0x0000000704400000, 0x0000000704400000| Complete 
|   6|0x0000000704600000, 0x0000000704800000, 0x0000000704800000|100%|HC|  |TAMS 0x0000000704600000, 0x0000000704600000| Complete 
|   7|0x0000000704800000, 0x0000000704a00000, 0x0000000704a00000|100%|HC|  |TAMS 0x0000000704800000, 0x0000000704800000| Complete 
|   8|0x0000000704a00000, 0x0000000704c00000, 0x0000000704c00000|100%|HS|  |TAMS 0x0000000704a00000, 0x0000000704a00000| Complete 
|   9|0x0000000704c00000, 0x0000000704e00000, 0x0000000704e00000|100%|HC|  |TAMS 0x0000000704c00000, 0x0000000704c00000| Complete 
|  10|0x0000000704e00000, 0x0000000705000000, 0x0000000705000000|100%|HC|  |TAMS 0x0000000704e00000, 0x0000000704e00000| Complete 
|  11|0x0000000705000000, 0x0000000705200000, 0x0000000705200000|100%|HS|  |TAMS 0x0000000705000000, 0x0000000705000000| Complete 
|  12|0x0000000705200000, 0x0000000705400000, 0x0000000705400000|100%|HC|  |TAMS 0x0000000705200000, 0x0000000705200000| Complete 
|  13|0x0000000705400000, 0x0000000705600000, 0x0000000705600000|100%|HC|  |TAMS 0x0000000705400000, 0x0000000705400000| Complete 
|  14|0x0000000705600000, 0x0000000705800000, 0x0000000705800000|100%| O|  |TAMS 0x0000000705600000, 0x0000000705600000| Untracked 
|  15|0x0000000705800000, 0x0000000705a00000, 0x0000000705a00000|100%| O|  |TAMS 0x0000000705800000, 0x0000000705800000| Untracked 
|  16|0x0000000705a00000, 0x0000000705c00000, 0x0000000705c00000|100%| O|  |TAMS 0x0000000705a00000, 0x0000000705a00000| Untracked 
|  17|0x0000000705c00000, 0x0000000705e00000, 0x0000000705e00000|100%| O|  |TAMS 0x0000000705c00000, 0x0000000705c00000| Untracked 
|  18|0x0000000705e00000, 0x0000000706000000, 0x0000000706000000|100%| O|  |TAMS 0x0000000705e00000, 0x0000000705e00000| Untracked 
|  19|0x0000000706000000, 0x0000000706200000, 0x0000000706200000|100%| O|  |TAMS 0x0000000706000000, 0x0000000706000000| Untracked 
|  20|0x0000000706200000, 0x0000000706254e00, 0x0000000706400000| 16%| O|  |TAMS 0x0000000706200000, 0x0000000706200000| Untracked 
|  21|0x0000000706400000, 0x0000000706600000, 0x0000000706600000|100%|HS|  |TAMS 0x0000000706400000, 0x0000000706400000| Complete 
|  22|0x0000000706600000, 0x0000000706600000, 0x0000000706800000|  0%| F|  |TAMS 0x0000000706600000, 0x0000000706600000| Untracked 
|  23|0x0000000706800000, 0x0000000706800000, 0x0000000706a00000|  0%| F|  |TAMS 0x0000000706800000, 0x0000000706800000| Untracked 
|  24|0x0000000706a00000, 0x0000000706a00000, 0x0000000706c00000|  0%| F|  |TAMS 0x0000000706a00000, 0x0000000706a00000| Untracked 
|  25|0x0000000706c00000, 0x0000000706c00000, 0x0000000706e00000|  0%| F|  |TAMS 0x0000000706c00000, 0x0000000706c00000| Untracked 
|  26|0x0000000706e00000, 0x0000000706e00000, 0x0000000707000000|  0%| F|  |TAMS 0x0000000706e00000, 0x0000000706e00000| Untracked 
|  27|0x0000000707000000, 0x0000000707000000, 0x0000000707200000|  0%| F|  |TAMS 0x0000000707000000, 0x0000000707000000| Untracked 
|  28|0x0000000707200000, 0x0000000707200000, 0x0000000707400000|  0%| F|  |TAMS 0x0000000707200000, 0x0000000707200000| Untracked 
|  29|0x0000000707400000, 0x0000000707400000, 0x0000000707600000|  0%| F|  |TAMS 0x0000000707400000, 0x0000000707400000| Untracked 
|  30|0x0000000707600000, 0x0000000707600000, 0x0000000707800000|  0%| F|  |TAMS 0x0000000707600000, 0x0000000707600000| Untracked 
|  31|0x0000000707800000, 0x0000000707800000, 0x0000000707a00000|  0%| F|  |TAMS 0x0000000707800000, 0x0000000707800000| Untracked 
|  32|0x0000000707a00000, 0x0000000707a00000, 0x0000000707c00000|  0%| F|  |TAMS 0x0000000707a00000, 0x0000000707a00000| Untracked 
|  33|0x0000000707c00000, 0x0000000707c00000, 0x0000000707e00000|  0%| F|  |TAMS 0x0000000707c00000, 0x0000000707c00000| Untracked 
|  34|0x0000000707e00000, 0x0000000707e00000, 0x0000000708000000|  0%| F|  |TAMS 0x0000000707e00000, 0x0000000707e00000| Untracked 
|  35|0x0000000708000000, 0x0000000708000000, 0x0000000708200000|  0%| F|  |TAMS 0x0000000708000000, 0x0000000708000000| Untracked 
|  36|0x0000000708200000, 0x0000000708200000, 0x0000000708400000|  0%| F|  |TAMS 0x0000000708200000, 0x0000000708200000| Untracked 
|  37|0x0000000708400000, 0x0000000708400000, 0x0000000708600000|  0%| F|  |TAMS 0x0000000708400000, 0x0000000708400000| Untracked 
|  38|0x0000000708600000, 0x0000000708600000, 0x0000000708800000|  0%| F|  |TAMS 0x0000000708600000, 0x0000000708600000| Untracked 
|  39|0x0000000708800000, 0x0000000708800000, 0x0000000708a00000|  0%| F|  |TAMS 0x0000000708800000, 0x0000000708800000| Untracked 
|  40|0x0000000708a00000, 0x0000000708a00000, 0x0000000708c00000|  0%| F|  |TAMS 0x0000000708a00000, 0x0000000708a00000| Untracked 
|  41|0x0000000708c00000, 0x0000000708c00000, 0x0000000708e00000|  0%| F|  |TAMS 0x0000000708c00000, 0x0000000708c00000| Untracked 
|  42|0x0000000708e00000, 0x0000000708e00000, 0x0000000709000000|  0%| F|  |TAMS 0x0000000708e00000, 0x0000000708e00000| Untracked 
|  43|0x0000000709000000, 0x0000000709000000, 0x0000000709200000|  0%| F|  |TAMS 0x0000000709000000, 0x0000000709000000| Untracked 
|  44|0x0000000709200000, 0x0000000709200000, 0x0000000709400000|  0%| F|  |TAMS 0x0000000709200000, 0x0000000709200000| Untracked 
|  45|0x0000000709400000, 0x0000000709400000, 0x0000000709600000|  0%| F|  |TAMS 0x0000000709400000, 0x0000000709400000| Untracked 
|  46|0x0000000709600000, 0x0000000709600000, 0x0000000709800000|  0%| F|  |TAMS 0x0000000709600000, 0x0000000709600000| Untracked 
|  47|0x0000000709800000, 0x0000000709800000, 0x0000000709a00000|  0%| F|  |TAMS 0x0000000709800000, 0x0000000709800000| Untracked 
|  48|0x0000000709a00000, 0x0000000709a00000, 0x0000000709c00000|  0%| F|  |TAMS 0x0000000709a00000, 0x0000000709a00000| Untracked 
|  49|0x0000000709c00000, 0x0000000709c00000, 0x0000000709e00000|  0%| F|  |TAMS 0x0000000709c00000, 0x0000000709c00000| Untracked 
|  50|0x0000000709e00000, 0x0000000709e00000, 0x000000070a000000|  0%| F|  |TAMS 0x0000000709e00000, 0x0000000709e00000| Untracked 
|  51|0x000000070a000000, 0x000000070a05a060, 0x000000070a200000| 17%| S|CS|TAMS 0x000000070a000000, 0x000000070a000000| Complete 
|  52|0x000000070a200000, 0x000000070a400000, 0x000000070a400000|100%| S|CS|TAMS 0x000000070a200000, 0x000000070a200000| Complete 
|  53|0x000000070a400000, 0x000000070a600000, 0x000000070a600000|100%| S|CS|TAMS 0x000000070a400000, 0x000000070a400000| Complete 
|  54|0x000000070a600000, 0x000000070a800000, 0x000000070a800000|100%| S|CS|TAMS 0x000000070a600000, 0x000000070a600000| Complete 
|  55|0x000000070a800000, 0x000000070aa00000, 0x000000070aa00000|100%| S|CS|TAMS 0x000000070a800000, 0x000000070a800000| Complete 
|  56|0x000000070aa00000, 0x000000070aa00000, 0x000000070ac00000|  0%| F|  |TAMS 0x000000070aa00000, 0x000000070aa00000| Untracked 
|  57|0x000000070ac00000, 0x000000070ac00000, 0x000000070ae00000|  0%| F|  |TAMS 0x000000070ac00000, 0x000000070ac00000| Untracked 
|  58|0x000000070ae00000, 0x000000070ae00000, 0x000000070b000000|  0%| F|  |TAMS 0x000000070ae00000, 0x000000070ae00000| Untracked 
|  59|0x000000070b000000, 0x000000070b000000, 0x000000070b200000|  0%| F|  |TAMS 0x000000070b000000, 0x000000070b000000| Untracked 
|  60|0x000000070b200000, 0x000000070b200000, 0x000000070b400000|  0%| F|  |TAMS 0x000000070b200000, 0x000000070b200000| Untracked 
|  61|0x000000070b400000, 0x000000070b400000, 0x000000070b600000|  0%| F|  |TAMS 0x000000070b400000, 0x000000070b400000| Untracked 
|  62|0x000000070b600000, 0x000000070b600000, 0x000000070b800000|  0%| F|  |TAMS 0x000000070b600000, 0x000000070b600000| Untracked 
|  63|0x000000070b800000, 0x000000070b800000, 0x000000070ba00000|  0%| F|  |TAMS 0x000000070b800000, 0x000000070b800000| Untracked 
|  64|0x000000070ba00000, 0x000000070ba00000, 0x000000070bc00000|  0%| F|  |TAMS 0x000000070ba00000, 0x000000070ba00000| Untracked 
|  65|0x000000070bc00000, 0x000000070bc00000, 0x000000070be00000|  0%| F|  |TAMS 0x000000070bc00000, 0x000000070bc00000| Untracked 
|  66|0x000000070be00000, 0x000000070be00000, 0x000000070c000000|  0%| F|  |TAMS 0x000000070be00000, 0x000000070be00000| Untracked 
|  67|0x000000070c000000, 0x000000070c000000, 0x000000070c200000|  0%| F|  |TAMS 0x000000070c000000, 0x000000070c000000| Untracked 
|  68|0x000000070c200000, 0x000000070c200000, 0x000000070c400000|  0%| F|  |TAMS 0x000000070c200000, 0x000000070c200000| Untracked 
|  69|0x000000070c400000, 0x000000070c400000, 0x000000070c600000|  0%| F|  |TAMS 0x000000070c400000, 0x000000070c400000| Untracked 
|  70|0x000000070c600000, 0x000000070c600000, 0x000000070c800000|  0%| F|  |TAMS 0x000000070c600000, 0x000000070c600000| Untracked 
|  71|0x000000070c800000, 0x000000070c800000, 0x000000070ca00000|  0%| F|  |TAMS 0x000000070c800000, 0x000000070c800000| Untracked 
|  72|0x000000070ca00000, 0x000000070ca00000, 0x000000070cc00000|  0%| F|  |TAMS 0x000000070ca00000, 0x000000070ca00000| Untracked 
|  73|0x000000070cc00000, 0x000000070cc00000, 0x000000070ce00000|  0%| F|  |TAMS 0x000000070cc00000, 0x000000070cc00000| Untracked 
|  74|0x000000070ce00000, 0x000000070ce00000, 0x000000070d000000|  0%| F|  |TAMS 0x000000070ce00000, 0x000000070ce00000| Untracked 
|  75|0x000000070d000000, 0x000000070d000000, 0x000000070d200000|  0%| F|  |TAMS 0x000000070d000000, 0x000000070d000000| Untracked 
|  76|0x000000070d200000, 0x000000070d200000, 0x000000070d400000|  0%| F|  |TAMS 0x000000070d200000, 0x000000070d200000| Untracked 
|  77|0x000000070d400000, 0x000000070d400000, 0x000000070d600000|  0%| F|  |TAMS 0x000000070d400000, 0x000000070d400000| Untracked 
|  78|0x000000070d600000, 0x000000070d600000, 0x000000070d800000|  0%| F|  |TAMS 0x000000070d600000, 0x000000070d600000| Untracked 
|  79|0x000000070d800000, 0x000000070d800000, 0x000000070da00000|  0%| F|  |TAMS 0x000000070d800000, 0x000000070d800000| Untracked 
|  80|0x000000070da00000, 0x000000070da00000, 0x000000070dc00000|  0%| F|  |TAMS 0x000000070da00000, 0x000000070da00000| Untracked 
|  81|0x000000070dc00000, 0x000000070dc00000, 0x000000070de00000|  0%| F|  |TAMS 0x000000070dc00000, 0x000000070dc00000| Untracked 
|  82|0x000000070de00000, 0x000000070de00000, 0x000000070e000000|  0%| F|  |TAMS 0x000000070de00000, 0x000000070de00000| Untracked 
|  83|0x000000070e000000, 0x000000070e000000, 0x000000070e200000|  0%| F|  |TAMS 0x000000070e000000, 0x000000070e000000| Untracked 
|  84|0x000000070e200000, 0x000000070e200000, 0x000000070e400000|  0%| F|  |TAMS 0x000000070e200000, 0x000000070e200000| Untracked 
|  85|0x000000070e400000, 0x000000070e400000, 0x000000070e600000|  0%| F|  |TAMS 0x000000070e400000, 0x000000070e400000| Untracked 
|  86|0x000000070e600000, 0x000000070e600000, 0x000000070e800000|  0%| F|  |TAMS 0x000000070e600000, 0x000000070e600000| Untracked 
|  87|0x000000070e800000, 0x000000070e800000, 0x000000070ea00000|  0%| F|  |TAMS 0x000000070e800000, 0x000000070e800000| Untracked 
|  88|0x000000070ea00000, 0x000000070ea00000, 0x000000070ec00000|  0%| F|  |TAMS 0x000000070ea00000, 0x000000070ea00000| Untracked 
|  89|0x000000070ec00000, 0x000000070ec00000, 0x000000070ee00000|  0%| F|  |TAMS 0x000000070ec00000, 0x000000070ec00000| Untracked 
|  90|0x000000070ee00000, 0x000000070ee00000, 0x000000070f000000|  0%| F|  |TAMS 0x000000070ee00000, 0x000000070ee00000| Untracked 
|  91|0x000000070f000000, 0x000000070f000000, 0x000000070f200000|  0%| F|  |TAMS 0x000000070f000000, 0x000000070f000000| Untracked 
|  92|0x000000070f200000, 0x000000070f200000, 0x000000070f400000|  0%| F|  |TAMS 0x000000070f200000, 0x000000070f200000| Untracked 
|  93|0x000000070f400000, 0x000000070f400000, 0x000000070f600000|  0%| F|  |TAMS 0x000000070f400000, 0x000000070f400000| Untracked 
|  94|0x000000070f600000, 0x000000070f600000, 0x000000070f800000|  0%| F|  |TAMS 0x000000070f600000, 0x000000070f600000| Untracked 
|  95|0x000000070f800000, 0x000000070f800000, 0x000000070fa00000|  0%| F|  |TAMS 0x000000070f800000, 0x000000070f800000| Untracked 
|  96|0x000000070fa00000, 0x000000070fa00000, 0x000000070fc00000|  0%| F|  |TAMS 0x000000070fa00000, 0x000000070fa00000| Untracked 
|  97|0x000000070fc00000, 0x000000070fc00000, 0x000000070fe00000|  0%| F|  |TAMS 0x000000070fc00000, 0x000000070fc00000| Untracked 
|  98|0x000000070fe00000, 0x000000070fe00000, 0x0000000710000000|  0%| F|  |TAMS 0x000000070fe00000, 0x000000070fe00000| Untracked 
|  99|0x0000000710000000, 0x0000000710000000, 0x0000000710200000|  0%| F|  |TAMS 0x0000000710000000, 0x0000000710000000| Untracked 
| 100|0x0000000710200000, 0x0000000710200000, 0x0000000710400000|  0%| F|  |TAMS 0x0000000710200000, 0x0000000710200000| Untracked 
| 101|0x0000000710400000, 0x0000000710400000, 0x0000000710600000|  0%| F|  |TAMS 0x0000000710400000, 0x0000000710400000| Untracked 
| 102|0x0000000710600000, 0x0000000710600000, 0x0000000710800000|  0%| F|  |TAMS 0x0000000710600000, 0x0000000710600000| Untracked 
| 103|0x0000000710800000, 0x0000000710800000, 0x0000000710a00000|  0%| F|  |TAMS 0x0000000710800000, 0x0000000710800000| Untracked 
| 104|0x0000000710a00000, 0x0000000710a00000, 0x0000000710c00000|  0%| F|  |TAMS 0x0000000710a00000, 0x0000000710a00000| Untracked 
| 105|0x0000000710c00000, 0x0000000710c00000, 0x0000000710e00000|  0%| F|  |TAMS 0x0000000710c00000, 0x0000000710c00000| Untracked 
| 106|0x0000000710e00000, 0x0000000710e00000, 0x0000000711000000|  0%| F|  |TAMS 0x0000000710e00000, 0x0000000710e00000| Untracked 
| 107|0x0000000711000000, 0x0000000711000000, 0x0000000711200000|  0%| F|  |TAMS 0x0000000711000000, 0x0000000711000000| Untracked 
| 108|0x0000000711200000, 0x0000000711200000, 0x0000000711400000|  0%| F|  |TAMS 0x0000000711200000, 0x0000000711200000| Untracked 
| 109|0x0000000711400000, 0x0000000711400000, 0x0000000711600000|  0%| F|  |TAMS 0x0000000711400000, 0x0000000711400000| Untracked 
| 110|0x0000000711600000, 0x0000000711600000, 0x0000000711800000|  0%| F|  |TAMS 0x0000000711600000, 0x0000000711600000| Untracked 
| 111|0x0000000711800000, 0x0000000711800000, 0x0000000711a00000|  0%| F|  |TAMS 0x0000000711800000, 0x0000000711800000| Untracked 
| 112|0x0000000711a00000, 0x0000000711a00000, 0x0000000711c00000|  0%| F|  |TAMS 0x0000000711a00000, 0x0000000711a00000| Untracked 
| 113|0x0000000711c00000, 0x0000000711c00000, 0x0000000711e00000|  0%| F|  |TAMS 0x0000000711c00000, 0x0000000711c00000| Untracked 
| 114|0x0000000711e00000, 0x0000000712000000, 0x0000000712000000|100%| E|  |TAMS 0x0000000711e00000, 0x0000000711e00000| Complete 
| 115|0x0000000712000000, 0x0000000712200000, 0x0000000712200000|100%| E|CS|TAMS 0x0000000712000000, 0x0000000712000000| Complete 
| 116|0x0000000712200000, 0x0000000712400000, 0x0000000712400000|100%| E|CS|TAMS 0x0000000712200000, 0x0000000712200000| Complete 
| 117|0x0000000712400000, 0x0000000712600000, 0x0000000712600000|100%| E|CS|TAMS 0x0000000712400000, 0x0000000712400000| Complete 
| 118|0x0000000712600000, 0x0000000712800000, 0x0000000712800000|100%| E|CS|TAMS 0x0000000712600000, 0x0000000712600000| Complete 
| 119|0x0000000712800000, 0x0000000712a00000, 0x0000000712a00000|100%| E|CS|TAMS 0x0000000712800000, 0x0000000712800000| Complete 
| 120|0x0000000712a00000, 0x0000000712c00000, 0x0000000712c00000|100%| E|CS|TAMS 0x0000000712a00000, 0x0000000712a00000| Complete 
| 121|0x0000000712c00000, 0x0000000712e00000, 0x0000000712e00000|100%| E|CS|TAMS 0x0000000712c00000, 0x0000000712c00000| Complete 
| 122|0x0000000712e00000, 0x0000000713000000, 0x0000000713000000|100%| E|CS|TAMS 0x0000000712e00000, 0x0000000712e00000| Complete 
| 123|0x0000000713000000, 0x0000000713200000, 0x0000000713200000|100%| E|CS|TAMS 0x0000000713000000, 0x0000000713000000| Complete 
| 124|0x0000000713200000, 0x0000000713400000, 0x0000000713400000|100%| E|CS|TAMS 0x0000000713200000, 0x0000000713200000| Complete 
| 125|0x0000000713400000, 0x0000000713600000, 0x0000000713600000|100%| E|CS|TAMS 0x0000000713400000, 0x0000000713400000| Complete 
| 126|0x0000000713600000, 0x0000000713800000, 0x0000000713800000|100%| E|CS|TAMS 0x0000000713600000, 0x0000000713600000| Complete 

Card table byte_map: [0x0000027c1e2f0000,0x0000027c1eae0000] _byte_map_base: 0x0000027c1aad3000

Marking Bits (Prev, Next): (CMBitMap*) 0x0000027c066c7140, (CMBitMap*) 0x0000027c066c7180
 Prev Bits: [0x0000027c1f2d0000, 0x0000027c231e8000)
 Next Bits: [0x0000027c231f0000, 0x0000027c27108000)

Polling page: 0x0000027c045c0000

Metaspace:

Usage:
  Non-class:     13.02 MB used.
      Class:      1.90 MB used.
       Both:     14.92 MB used.

Virtual space:
  Non-class space:       64.00 MB reserved,      13.25 MB ( 21%) committed,  1 nodes.
      Class space:        1.00 GB reserved,       2.06 MB ( <1%) committed,  1 nodes.
             Both:        1.06 GB reserved,      15.31 MB (  1%) committed. 

Chunk freelists:
   Non-Class:  2.80 MB
       Class:  1.89 MB
        Both:  4.69 MB

MaxMetaspaceSize: unlimited
CompressedClassSpaceSize: 1.00 GB
Initial GC threshold: 21.00 MB
Current GC threshold: 21.00 MB
CDS: on
MetaspaceReclaimPolicy: balanced
 - commit_granule_bytes: 65536.
 - commit_granule_words: 8192.
 - virtual_space_node_default_size: 8388608.
 - enlarge_chunks_in_place: 1.
 - new_chunks_are_fully_committed: 0.
 - uncommit_free_chunks: 1.
 - use_allocation_guard: 0.


Internal statistics:

num_allocs_failed_limit: 0.
num_arena_births: 404.
num_arena_deaths: 0.
num_vsnodes_births: 2.
num_vsnodes_deaths: 0.
num_space_committed: 245.
num_space_uncommitted: 0.
num_chunks_returned_to_freelist: 0.
num_chunks_taken_from_freelist: 898.
num_chunk_merges: 0.
num_chunk_splits: 624.
num_chunks_enlarged: 471.
num_inconsistent_stats: 0.

CodeHeap 'non-profiled nmethods': size=120000Kb used=2419Kb max_used=2419Kb free=117580Kb
 bounds [0x0000027c16080000, 0x0000027c162f0000, 0x0000027c1d5b0000]
CodeHeap 'profiled nmethods': size=120000Kb used=7156Kb max_used=7156Kb free=112843Kb
 bounds [0x0000027c0e5b0000, 0x0000027c0ecb0000, 0x0000027c15ae0000]
CodeHeap 'non-nmethods': size=5760Kb used=1530Kb max_used=1580Kb free=4229Kb
 bounds [0x0000027c15ae0000, 0x0000027c15d50000, 0x0000027c16080000]
 total_blobs=4363 nmethods=3569 adapters=704
 compilation: enabled
              stopped_count=0, restarted_count=0
 full_count=0

Compilation events (20 events):
Event: 37.606 Thread 0x0000027c2e040b40 nmethod 3554% 0x0000027c162d4410 code [0x0000027c162d4620, 0x0000027c162d4e60]
Event: 37.606 Thread 0x0000027c2e040b40 3557       4       com.sun.marlin.Renderer::_endRendering (2473 bytes)
Event: 37.611 Thread 0x0000027c2e0424c0 3558       3       com.sun.marlin.IntArrayCache$Reference::putArray (55 bytes)
Event: 37.611 Thread 0x0000027c2e0424c0 nmethod 3558 0x0000027c0eca3590 code [0x0000027c0eca37a0, 0x0000027c0eca3ce8]
Event: 37.611 Thread 0x0000027c2e0424c0 3559 %     3       java.util.TimSort::mergeHi @ 191 (732 bytes)
Event: 37.612 Thread 0x0000027c2e0424c0 nmethod 3559% 0x0000027c0eca3f90 code [0x0000027c0eca4320, 0x0000027c0eca6a98]
Event: 37.619 Thread 0x0000027c2e0424c0 3560       3       javafx.scene.Node$1::intersects (7 bytes)
Event: 37.619 Thread 0x0000027c2e0424c0 nmethod 3560 0x0000027c0eca7310 code [0x0000027c0eca74c0, 0x0000027c0eca7608]
Event: 37.649 Thread 0x0000027c2e040b40 nmethod 3557 0x0000027c162d5490 code [0x0000027c162d56c0, 0x0000027c162d7960]
Event: 37.649 Thread 0x0000027c2e040b40 3556       4       javafx.scene.Node::buildEventDispatchChain (100 bytes)
Event: 37.670 Thread 0x0000027c2e040b40 nmethod 3556 0x0000027c162d9e90 code [0x0000027c162da120, 0x0000027c162dbab8]
Event: 37.787 Thread 0x0000027c2e0424c0 3561       1       com.sun.javafx.sg.prism.NGGroup::getChildren (5 bytes)
Event: 37.787 Thread 0x0000027c2e0424c0 nmethod 3561 0x0000027c162dc810 code [0x0000027c162dc9a0, 0x0000027c162dca78]
Event: 37.787 Thread 0x0000027c2e0424c0 3562       3       com.sun.javafx.geom.transform.Affine2D::<init> (10 bytes)
Event: 37.787 Thread 0x0000027c2e0424c0 nmethod 3562 0x0000027c0eca7710 code [0x0000027c0eca78e0, 0x0000027c0eca7b48]
Event: 37.787 Thread 0x0000027c2e040b40 3563       4       java.lang.invoke.DirectMethodHandle$Holder::invokeSpecial (15 bytes)
Event: 37.787 Thread 0x0000027c2e0424c0 3564       3       java.util.TimSort::mergeHi (732 bytes)
Event: 37.788 Thread 0x0000027c2e040b40 nmethod 3563 0x0000027c162dcb10 code [0x0000027c162dcca0, 0x0000027c162dcd68]
Event: 37.788 Thread 0x0000027c2e0424c0 nmethod 3564 0x0000027c0eca7c90 code [0x0000027c0eca8020, 0x0000027c0ecaa5f8]
Event: 37.794 Thread 0x0000027c2e040b40 3565       4       com.sun.javafx.geom.Path2D::append (216 bytes)

GC Heap History (6 events):
Event: 0.429 GC heap before
{Heap before GC invocations=0 (full 0):
 garbage-first heap   total 260096K, used 20480K [0x0000000703a00000, 0x0000000800000000)
  region size 2048K, 11 young (22528K), 0 survivors (0K)
 Metaspace       used 5452K, committed 5632K, reserved 1114112K
  class space    used 640K, committed 704K, reserved 1048576K
}
Event: 0.431 GC heap after
{Heap after GC invocations=1 (full 0):
 garbage-first heap   total 260096K, used 2844K [0x0000000703a00000, 0x0000000800000000)
  region size 2048K, 2 young (4096K), 2 survivors (4096K)
 Metaspace       used 5452K, committed 5632K, reserved 1114112K
  class space    used 640K, committed 704K, reserved 1048576K
}
Event: 0.953 GC heap before
{Heap before GC invocations=1 (full 0):
 garbage-first heap   total 260096K, used 66332K [0x0000000703a00000, 0x0000000800000000)
  region size 2048K, 20 young (40960K), 2 survivors (4096K)
 Metaspace       used 11925K, committed 12224K, reserved 1114112K
  class space    used 1579K, committed 1728K, reserved 1048576K
}
Event: 0.958 GC heap after
{Heap after GC invocations=2 (full 0):
 garbage-first heap   total 260096K, used 47443K [0x0000000703a00000, 0x0000000800000000)
  region size 2048K, 3 young (6144K), 3 survivors (6144K)
 Metaspace       used 11925K, committed 12224K, reserved 1114112K
  class space    used 1579K, committed 1728K, reserved 1048576K
}
Event: 20.918 GC heap before
{Heap before GC invocations=2 (full 0):
 garbage-first heap   total 260096K, used 186707K [0x0000000703a00000, 0x0000000800000000)
  region size 2048K, 71 young (145408K), 3 survivors (6144K)
 Metaspace       used 15214K, committed 15552K, reserved 1114112K
  class space    used 1942K, committed 2112K, reserved 1048576K
}
Event: 20.922 GC heap after
{Heap after GC invocations=3 (full 0):
 garbage-first heap   total 260096K, used 51899K [0x0000000703a00000, 0x0000000800000000)
  region size 2048K, 5 young (10240K), 5 survivors (10240K)
 Metaspace       used 15214K, committed 15552K, reserved 1114112K
  class space    used 1942K, committed 2112K, reserved 1048576K
}

Dll operation events (20 events):
Event: 0.172 Loaded shared library C:\Program Files\Java\javafx-sdk-19.0.2.1\bin\api-ms-win-crt-math-l1-1-0.dll
Event: 0.173 Loaded shared library C:\Program Files\Java\javafx-sdk-19.0.2.1\bin\api-ms-win-crt-multibyte-l1-1-0.dll
Event: 0.174 Loaded shared library C:\Program Files\Java\javafx-sdk-19.0.2.1\bin\api-ms-win-crt-private-l1-1-0.dll
Event: 0.174 Loaded shared library C:\Program Files\Java\javafx-sdk-19.0.2.1\bin\api-ms-win-crt-process-l1-1-0.dll
Event: 0.175 Loaded shared library C:\Program Files\Java\javafx-sdk-19.0.2.1\bin\api-ms-win-crt-runtime-l1-1-0.dll
Event: 0.176 Loaded shared library C:\Program Files\Java\javafx-sdk-19.0.2.1\bin\api-ms-win-crt-stdio-l1-1-0.dll
Event: 0.177 Loaded shared library C:\Program Files\Java\javafx-sdk-19.0.2.1\bin\api-ms-win-crt-string-l1-1-0.dll
Event: 0.178 Loaded shared library C:\Program Files\Java\javafx-sdk-19.0.2.1\bin\api-ms-win-crt-time-l1-1-0.dll
Event: 0.179 Loaded shared library C:\Program Files\Java\javafx-sdk-19.0.2.1\bin\api-ms-win-crt-utility-l1-1-0.dll
Event: 0.180 Loaded shared library C:\Program Files\Java\javafx-sdk-19.0.2.1\bin\ucrtbase.dll
Event: 0.181 Loaded shared library C:\Program Files\Java\javafx-sdk-19.0.2.1\bin\vcruntime140.dll
Event: 0.182 Loaded shared library C:\Program Files\Java\javafx-sdk-19.0.2.1\bin\vcruntime140_1.dll
Event: 0.183 Loaded shared library C:\Program Files\Java\javafx-sdk-19.0.2.1\bin\msvcp140.dll
Event: 0.183 Loaded shared library C:\Program Files\Java\javafx-sdk-19.0.2.1\bin\msvcp140_1.dll
Event: 0.184 Loaded shared library C:\Program Files\Java\javafx-sdk-19.0.2.1\bin\msvcp140_2.dll
Event: 0.205 Loaded shared library C:\Program Files\Java\javafx-sdk-19.0.2.1\bin\prism_d3d.dll
Event: 0.261 Loaded shared library C:\Program Files\Java\javafx-sdk-19.0.2.1\bin\glass.dll
Event: 0.382 Loaded shared library C:\Program Files\Java\jdk-19\bin\jimage.dll
Event: 0.491 Loaded shared library C:\Program Files\Java\javafx-sdk-19.0.2.1\bin\javafx_iio.dll
Event: 0.619 Loaded shared library C:\Program Files\Java\javafx-sdk-19.0.2.1\bin\javafx_font.dll

Deoptimization events (20 events):
Event: 37.595 Thread 0x0000027c2e833cd0 DEOPT PACKING pc=0x0000027c162d2538 sp=0x000000cab9ffd5c0
Event: 37.595 Thread 0x0000027c2e833cd0 DEOPT UNPACKING pc=0x0000027c15b4a5a3 sp=0x000000cab9ffd5b0 mode 2
Event: 37.602 Thread 0x0000027c2e833cd0 DEOPT PACKING pc=0x0000027c0eb684ca sp=0x000000cab9ffd9f0
Event: 37.602 Thread 0x0000027c2e833cd0 DEOPT UNPACKING pc=0x0000027c15b4b0e3 sp=0x000000cab9ffce28 mode 0
Event: 37.611 Thread 0x0000027c2e833cd0 DEOPT PACKING pc=0x0000027c0eb684ca sp=0x000000cab9ffd9f0
Event: 37.611 Thread 0x0000027c2e833cd0 DEOPT UNPACKING pc=0x0000027c15b4b0e3 sp=0x000000cab9ffce28 mode 0
Event: 37.611 Thread 0x0000027c2e833cd0 Uncommon trap: trap_request=0xffffffbe fr.pc=0x0000027c162afcec relative=0x0000000000000b6c
Event: 37.611 Thread 0x0000027c2e833cd0 Uncommon trap: reason=profile_predicate action=maybe_recompile pc=0x0000027c162afcec method=com.sun.marlin.Renderer._endRendering(IILcom/sun/marlin/MarlinAlphaConsumer;)V @ 767 c2
Event: 37.611 Thread 0x0000027c2e833cd0 DEOPT PACKING pc=0x0000027c162afcec sp=0x000000cab9ffda30
Event: 37.611 Thread 0x0000027c2e833cd0 DEOPT UNPACKING pc=0x0000027c15b4a5a3 sp=0x000000cab9ffd928 mode 2
Event: 37.611 Thread 0x0000027c2e833cd0 DEOPT PACKING pc=0x0000027c0eb8ef83 sp=0x000000cab9ffdb50
Event: 37.611 Thread 0x0000027c2e833cd0 DEOPT UNPACKING pc=0x0000027c15b4b0e3 sp=0x000000cab9ffcf70 mode 0
Event: 37.611 Thread 0x0000027c2e833cd0 DEOPT PACKING pc=0x0000027c0ec75257 sp=0x000000cab9ffd920
Event: 37.611 Thread 0x0000027c2e833cd0 DEOPT UNPACKING pc=0x0000027c15b4b0e3 sp=0x000000cab9ffcec8 mode 0
Event: 37.624 Thread 0x0000027c2e833cd0 DEOPT PACKING pc=0x0000027c0eb68475 sp=0x000000cab9ffd9f0
Event: 37.624 Thread 0x0000027c2e833cd0 DEOPT UNPACKING pc=0x0000027c15b4b0e3 sp=0x000000cab9ffce28 mode 0
Event: 37.624 Thread 0x0000027c2e833cd0 Uncommon trap: trap_request=0xffffffbe fr.pc=0x0000027c162afcec relative=0x0000000000000b6c
Event: 37.624 Thread 0x0000027c2e833cd0 Uncommon trap: reason=profile_predicate action=maybe_recompile pc=0x0000027c162afcec method=com.sun.marlin.Renderer._endRendering(IILcom/sun/marlin/MarlinAlphaConsumer;)V @ 767 c2
Event: 37.624 Thread 0x0000027c2e833cd0 DEOPT PACKING pc=0x0000027c162afcec sp=0x000000cab9ffda30
Event: 37.624 Thread 0x0000027c2e833cd0 DEOPT UNPACKING pc=0x0000027c15b4a5a3 sp=0x000000cab9ffd928 mode 2

Classes loaded (20 events):
Event: 1.091 Loading class java/nio/ShortBuffer
Event: 1.091 Loading class java/nio/ShortBuffer done
Event: 1.091 Loading class java/nio/DoubleBuffer
Event: 1.091 Loading class java/nio/DoubleBuffer done
Event: 1.094 Loading class java/util/concurrent/ConcurrentLinkedQueue
Event: 1.094 Loading class java/util/concurrent/ConcurrentLinkedQueue done
Event: 1.094 Loading class java/util/concurrent/ConcurrentLinkedQueue$Node
Event: 1.094 Loading class java/util/concurrent/ConcurrentLinkedQueue$Node done
Event: 1.095 Loading class jdk/internal/ref/CleanerImpl$InnocuousThreadFactory
Event: 1.096 Loading class jdk/internal/ref/CleanerImpl$InnocuousThreadFactory done
Event: 1.098 Loading class sun/misc/Unsafe
Event: 1.098 Loading class sun/misc/Unsafe done
Event: 1.098 Loading class java/lang/invoke/DirectMethodHandle$StaticAccessor
Event: 1.098 Loading class java/lang/invoke/DirectMethodHandle$StaticAccessor done
Event: 1.104 Loading class java/lang/FdLibm$Cbrt
Event: 1.104 Loading class java/lang/FdLibm$Cbrt done
Event: 1.831 Loading class java/io/UnsupportedEncodingException
Event: 1.831 Loading class java/io/UnsupportedEncodingException done
Event: 1.907 Loading class java/nio/DirectFloatBufferU
Event: 1.907 Loading class java/nio/DirectFloatBufferU done

Classes unloaded (0 events):
No events

Classes redefined (0 events):
No events

Internal exceptions (20 events):
Event: 0.951 Thread 0x0000027c2e5751d0 Implicit null exception at 0x0000027c16106214 to 0x0000027c16106894
Event: 0.990 Thread 0x0000027c2e5751d0 Exception <a 'java/lang/ClassNotFoundException'{0x000000071376bf90}: com/sun/javafx/scene/control/skin/resources/controls> (0x000000071376bf90) 
thrown [s\open\src\hotspot\share\prims\jni.cpp, line 536]
Event: 0.990 Thread 0x0000027c2e5751d0 Exception <a 'java/lang/ClassNotFoundException'{0x0000000713779d68}: com/sun/javafx/scene/control/skin/resources/controls_en> (0x0000000713779d68) 
thrown [s\open\src\hotspot\share\prims\jni.cpp, line 536]
Event: 0.991 Thread 0x0000027c2e5751d0 Exception <a 'java/lang/ClassNotFoundException'{0x000000071377b270}: com/sun/javafx/scene/control/skin/resources/controls_en_US> (0x000000071377b270) 
thrown [s\open\src\hotspot\share\prims\jni.cpp, line 536]
Event: 0.993 Thread 0x0000027c2e5751d0 Exception <a 'java/lang/NoSuchMethodError'{0x00000007137a4300}: 'java.lang.Object java.lang.invoke.DirectMethodHandle$Holder.invokeInterface(java.lang.Object, java.lang.Object, java.lang.Object)'> (0x00000007137a4300) 
thrown [s\open\src\hotspot\share\interpreter\linkResolver.cpp, line 774]
Event: 0.993 Thread 0x0000027c2e5751d0 Exception <a 'java/lang/IncompatibleClassChangeError'{0x00000007137a7c90}: Found class java.lang.Object, but interface was expected> (0x00000007137a7c90) 
thrown [s\open\src\hotspot\share\interpreter\linkResolver.cpp, line 841]
Event: 1.014 Thread 0x0000027c2e5751d0 Exception <a 'java/lang/NoSuchMethodError'{0x00000007134bfcc8}: 'java.lang.Object java.lang.invoke.DirectMethodHandle$Holder.newInvokeSpecial(java.lang.Object, java.lang.Object, int)'> (0x00000007134bfcc8) 
thrown [s\open\src\hotspot\share\interpreter\linkResolver.cpp, line 774]
Event: 1.037 Thread 0x0000027c2e5751d0 Exception <a 'java/lang/NoSuchMethodError'{0x00000007135f5048}: 'int java.lang.invoke.DirectMethodHandle$Holder.invokeSpecial(java.lang.Object, java.lang.Object, int)'> (0x00000007135f5048) 
thrown [s\open\src\hotspot\share\interpreter\linkResolver.cpp, line 774]
Event: 1.053 Thread 0x0000027c2e833cd0 Exception <a 'java/lang/NoSuchMethodError'{0x0000000713323270}: 'int java.lang.invoke.DirectMethodHandle$Holder.invokeStaticInit(java.lang.Object, java.lang.Object)'> (0x0000000713323270) 
thrown [s\open\src\hotspot\share\interpreter\linkResolver.cpp, line 774]
Event: 1.060 Thread 0x0000027c2e833cd0 Exception <a 'java/lang/NoSuchMethodError'{0x00000007133a7f80}: 'java.lang.Object java.lang.invoke.DirectMethodHandle$Holder.invokeStaticInit(java.lang.Object, int)'> (0x00000007133a7f80) 
thrown [s\open\src\hotspot\share\interpreter\linkResolver.cpp, line 774]
Event: 1.066 Thread 0x0000027c2e833cd0 Exception <a 'java/lang/NoSuchMethodError'{0x0000000713025650}: 'java.lang.Object java.lang.invoke.Invokers$Holder.invokeExact_MT(java.lang.Object, java.lang.Object, java.lang.Object, java.lang.Object, java.lang.Object)'> (0x0000000713025650) 
thrown [s\open\src\hotspot\share\interpreter\linkResolver.cpp, line 774]
Event: 1.835 Thread 0x0000027c2e5751d0 Exception <a 'java/lang/NoSuchMethodError'{0x0000000712def438}: 'long java.lang.invoke.DirectMethodHandle$Holder.invokeStatic(java.lang.Object, java.lang.Object, java.lang.Object)'> (0x0000000712def438) 
thrown [s\open\src\hotspot\share\interpreter\linkResolver.cpp, line 774]
Event: 1.836 Thread 0x0000027c2e5751d0 Exception <a 'java/lang/NoSuchMethodError'{0x0000000712df2ab0}: 'long java.lang.invoke.DirectMethodHandle$Holder.invokeStaticInit(java.lang.Object, java.lang.Object, java.lang.Object)'> (0x0000000712df2ab0) 
thrown [s\open\src\hotspot\share\interpreter\linkResolver.cpp, line 774]
Event: 1.837 Thread 0x0000027c2e5751d0 Exception <a 'java/lang/NoSuchMethodError'{0x0000000712a12048}: 'java.lang.Object java.lang.invoke.DirectMethodHandle$Holder.newInvokeSpecial(java.lang.Object, java.lang.Object, long)'> (0x0000000712a12048) 
thrown [s\open\src\hotspot\share\interpreter\linkResolver.cpp, line 774]
Event: 1.837 Thread 0x0000027c2e5751d0 Exception <a 'java/lang/NoSuchMethodError'{0x0000000712a15bd0}: 'java.lang.Object java.lang.invoke.Invokers$Holder.linkToTargetMethod(java.lang.Object, long, java.lang.Object)'> (0x0000000712a15bd0) 
thrown [s\open\src\hotspot\share\interpreter\linkResolver.cpp, line 774]
Event: 2.847 Thread 0x0000027c2e5751d0 Exception <a 'java/lang/NoSuchMethodError'{0x0000000712979068}: 'java.lang.Object java.lang.invoke.DirectMethodHandle$Holder.newInvokeSpecial(java.lang.Object, java.lang.Object, int, int, int, int, int, java.lang.Object)'> (0x0000000712979068) 
thrown [s\open\src\hotspot\share\interpreter\linkResolver.cpp, line 774]
Event: 2.848 Thread 0x0000027c2e5751d0 Exception <a 'java/lang/NoSuchMethodError'{0x000000071298c050}: 'java.lang.Object java.lang.invoke.DirectMethodHandle$Holder.newInvokeSpecial(java.lang.Object, java.lang.Object, java.lang.Object, int, int, int, int, int)'> (0x000000071298c050) 
thrown [s\open\src\hotspot\share\interpreter\linkResolver.cpp, line 774]
Event: 2.848 Thread 0x0000027c2e5751d0 Exception <a 'java/lang/NoSuchMethodError'{0x00000007129938c0}: 'java.lang.Object java.lang.invoke.Invokers$Holder.linkToTargetMethod(java.lang.Object, java.lang.Object, int, int, int, int, int, java.lang.Object)'> (0x00000007129938c0) 
thrown [s\open\src\hotspot\share\interpreter\linkResolver.cpp, line 774]
Event: 3.683 Thread 0x0000027c2e5751d0 Implicit null exception at 0x0000027c1617ee74 to 0x0000027c1617f33c
Event: 3.683 Thread 0x0000027c2e5751d0 Implicit null exception at 0x0000027c1618955c to 0x0000027c1618a098

VM Operations (20 events):
Event: 5.679 Executing VM operation: Cleanup
Event: 5.679 Executing VM operation: Cleanup done
Event: 5.702 Executing VM operation: HandshakeAllThreads
Event: 5.702 Executing VM operation: HandshakeAllThreads done
Event: 6.701 Executing VM operation: Cleanup
Event: 6.701 Executing VM operation: Cleanup done
Event: 15.705 Executing VM operation: Cleanup
Event: 15.705 Executing VM operation: Cleanup done
Event: 17.705 Executing VM operation: Cleanup
Event: 17.705 Executing VM operation: Cleanup done
Event: 19.705 Executing VM operation: Cleanup
Event: 19.705 Executing VM operation: Cleanup done
Event: 20.706 Executing VM operation: Cleanup
Event: 20.706 Executing VM operation: Cleanup done
Event: 20.918 Executing VM operation: G1CollectForAllocation
Event: 20.922 Executing VM operation: G1CollectForAllocation done
Event: 22.923 Executing VM operation: Cleanup
Event: 22.923 Executing VM operation: Cleanup done
Event: 23.924 Executing VM operation: Cleanup
Event: 23.924 Executing VM operation: Cleanup done

Events (20 events):
Event: 0.864 Thread 0x0000027c2ea99750 Thread added: 0x0000027c2ea99750
Event: 1.096 Thread 0x0000027c2ea97770 Thread added: 0x0000027c2ea97770
Event: 1.405 Thread 0x0000027c33846430 Thread exited: 0x0000027c33846430
Event: 1.408 Thread 0x0000027c2e1caf40 Thread exited: 0x0000027c2e1caf40
Event: 1.913 Thread 0x0000027c3973aa30 Thread added: 0x0000027c3973aa30
Event: 2.122 Thread 0x0000027c3973aa30 Thread exited: 0x0000027c3973aa30
Event: 2.922 Thread 0x0000027c341655c0 Thread added: 0x0000027c341655c0
Event: 2.933 Thread 0x0000027c33d66570 Thread added: 0x0000027c33d66570
Event: 3.088 Thread 0x0000027c33d66570 Thread exited: 0x0000027c33d66570
Event: 3.387 Thread 0x0000027c341655c0 Thread exited: 0x0000027c341655c0
Event: 3.418 Thread 0x0000027c39be64d0 Thread added: 0x0000027c39be64d0
Event: 3.571 Thread 0x0000027c39be64d0 Thread exited: 0x0000027c39be64d0
Event: 3.616 Thread 0x0000027c34164850 Thread added: 0x0000027c34164850
Event: 4.050 Thread 0x0000027c34164850 Thread exited: 0x0000027c34164850
Event: 17.119 Thread 0x0000027c39620840 Thread added: 0x0000027c39620840
Event: 18.074 Thread 0x0000027c39620840 Thread exited: 0x0000027c39620840
Event: 20.923 Thread 0x0000027c33e49be0 Thread added: 0x0000027c33e49be0
Event: 20.942 Thread 0x0000027c341c6a30 Thread added: 0x0000027c341c6a30
Event: 22.045 Thread 0x0000027c341c6a30 Thread exited: 0x0000027c341c6a30
Event: 22.045 Thread 0x0000027c33e49be0 Thread exited: 0x0000027c33e49be0


Dynamic libraries:
0x00007ff730fb0000 - 0x00007ff730fc0000 	C:\Program Files\Java\jdk-19\bin\javaw.exe
0x00007ff90f2b0000 - 0x00007ff90f4c4000 	C:\WINDOWS\SYSTEM32\ntdll.dll
0x00007ff90e420000 - 0x00007ff90e4e3000 	C:\WINDOWS\System32\KERNEL32.DLL
0x00007ff90cb10000 - 0x00007ff90ceac000 	C:\WINDOWS\System32\KERNELBASE.dll
0x00007ff908ea0000 - 0x00007ff908f37000 	C:\WINDOWS\SYSTEM32\apphelp.dll
0x00007ff90c760000 - 0x00007ff90c871000 	C:\WINDOWS\System32\ucrtbase.dll
0x00007ff8b7d00000 - 0x00007ff8b7d18000 	C:\Program Files\Java\jdk-19\bin\jli.dll
0x00007ff90ec20000 - 0x00007ff90ecce000 	C:\WINDOWS\System32\ADVAPI32.dll
0x00007ff8b8440000 - 0x00007ff8b845b000 	C:\Program Files\Java\jdk-19\bin\VCRUNTIME140.dll
0x00007ff90d1f0000 - 0x00007ff90d297000 	C:\WINDOWS\System32\msvcrt.dll
0x00007ff90ea90000 - 0x00007ff90eb34000 	C:\WINDOWS\System32\sechost.dll
0x00007ff90d0c0000 - 0x00007ff90d1d5000 	C:\WINDOWS\System32\RPCRT4.dll
0x00007ff90e020000 - 0x00007ff90e1cd000 	C:\WINDOWS\System32\USER32.dll
0x00007ff90ceb0000 - 0x00007ff90ced6000 	C:\WINDOWS\System32\win32u.dll
0x00007ff8f0200000 - 0x00007ff8f048e000 	C:\WINDOWS\WinSxS\amd64_microsoft.windows.common-controls_6595b64144ccf1df_6.0.22621.608_none_a9444ca7c10bb01d\COMCTL32.dll
0x00007ff90ebf0000 - 0x00007ff90ec19000 	C:\WINDOWS\System32\GDI32.dll
0x00007ff90cee0000 - 0x00007ff90cff3000 	C:\WINDOWS\System32\gdi32full.dll
0x00007ff90c9f0000 - 0x00007ff90ca8a000 	C:\WINDOWS\System32\msvcp_win.dll
0x00007ff903460000 - 0x00007ff90346a000 	C:\WINDOWS\SYSTEM32\VERSION.dll
0x00007ff90f130000 - 0x00007ff90f161000 	C:\WINDOWS\System32\IMM32.DLL
0x00007ff8f69d0000 - 0x00007ff8f69dc000 	C:\Program Files\Java\jdk-19\bin\vcruntime140_1.dll
0x00007ff8b36e0000 - 0x00007ff8b376e000 	C:\Program Files\Java\jdk-19\bin\msvcp140.dll
0x00007ff8b2a20000 - 0x00007ff8b36e0000 	C:\Program Files\Java\jdk-19\bin\server\jvm.dll
0x00007ff901cc0000 - 0x00007ff901cf4000 	C:\WINDOWS\SYSTEM32\WINMM.dll
0x00007ff8f60d0000 - 0x00007ff8f60d9000 	C:\WINDOWS\SYSTEM32\WSOCK32.dll
0x00007ff90dab0000 - 0x00007ff90db21000 	C:\WINDOWS\System32\WS2_32.dll
0x00007ff90b7f0000 - 0x00007ff90b808000 	C:\WINDOWS\SYSTEM32\kernel.appcore.dll
0x00007ff8f0970000 - 0x00007ff8f097a000 	C:\Program Files\Java\jdk-19\bin\jimage.dll
0x00007ff90a040000 - 0x00007ff90a26e000 	C:\WINDOWS\SYSTEM32\DBGHELP.DLL
0x00007ff90e4f0000 - 0x00007ff90e879000 	C:\WINDOWS\System32\combase.dll
0x00007ff90f030000 - 0x00007ff90f107000 	C:\WINDOWS\System32\OLEAUT32.dll
0x00007ff8eebc0000 - 0x00007ff8eebf2000 	C:\WINDOWS\SYSTEM32\dbgcore.DLL
0x00007ff90ca90000 - 0x00007ff90cb0b000 	C:\WINDOWS\System32\bcryptPrimitives.dll
0x00007ff8b7bb0000 - 0x00007ff8b7bd6000 	C:\Program Files\Java\jdk-19\bin\java.dll
0x00007ff8b2940000 - 0x00007ff8b2a17000 	C:\Program Files\Java\jdk-19\bin\jsvml.dll
0x00007ff90d2a0000 - 0x00007ff90da90000 	C:\WINDOWS\System32\SHELL32.dll
0x00007ff90a6c0000 - 0x00007ff90af8e000 	C:\WINDOWS\SYSTEM32\windows.storage.dll
0x00007ff90a580000 - 0x00007ff90a6be000 	C:\WINDOWS\SYSTEM32\wintypes.dll
0x00007ff90e880000 - 0x00007ff90e971000 	C:\WINDOWS\System32\SHCORE.dll
0x00007ff90ea30000 - 0x00007ff90ea8e000 	C:\WINDOWS\System32\shlwapi.dll
0x00007ff90c620000 - 0x00007ff90c641000 	C:\WINDOWS\SYSTEM32\profapi.dll
0x00007ff8b7ce0000 - 0x00007ff8b7cf3000 	C:\Program Files\Java\jdk-19\bin\net.dll
0x00007ff906070000 - 0x00007ff90619f000 	C:\WINDOWS\SYSTEM32\WINHTTP.dll
0x00007ff90bc50000 - 0x00007ff90bcb9000 	C:\WINDOWS\system32\mswsock.dll
0x00007ff8b7840000 - 0x00007ff8b7856000 	C:\Program Files\Java\jdk-19\bin\nio.dll
0x00007ff8b6960000 - 0x00007ff8b6978000 	C:\Program Files\Java\jdk-19\bin\zip.dll
0x0000027c06600000 - 0x0000027c06603000 	C:\Program Files\Java\javafx-sdk-19.0.2.1\bin\api-ms-win-core-console-l1-1-0.dll
0x0000027c29eb0000 - 0x0000027c29eb3000 	C:\Program Files\Java\javafx-sdk-19.0.2.1\bin\api-ms-win-core-console-l1-2-0.dll
0x0000027c29ec0000 - 0x0000027c29ec3000 	C:\Program Files\Java\javafx-sdk-19.0.2.1\bin\api-ms-win-core-datetime-l1-1-0.dll
0x0000027c29ed0000 - 0x0000027c29ed3000 	C:\Program Files\Java\javafx-sdk-19.0.2.1\bin\api-ms-win-core-debug-l1-1-0.dll
0x0000027c29ee0000 - 0x0000027c29ee3000 	C:\Program Files\Java\javafx-sdk-19.0.2.1\bin\api-ms-win-core-errorhandling-l1-1-0.dll
0x0000027c29ef0000 - 0x0000027c29ef4000 	C:\Program Files\Java\javafx-sdk-19.0.2.1\bin\api-ms-win-core-file-l1-1-0.dll
0x0000027c29f00000 - 0x0000027c29f03000 	C:\Program Files\Java\javafx-sdk-19.0.2.1\bin\api-ms-win-core-file-l1-2-0.dll
0x0000027c29f10000 - 0x0000027c29f13000 	C:\Program Files\Java\javafx-sdk-19.0.2.1\bin\api-ms-win-core-file-l2-1-0.dll
0x0000027c29f20000 - 0x0000027c29f23000 	C:\Program Files\Java\javafx-sdk-19.0.2.1\bin\api-ms-win-core-handle-l1-1-0.dll
0x0000027c29f30000 - 0x0000027c29f33000 	C:\Program Files\Java\javafx-sdk-19.0.2.1\bin\api-ms-win-core-heap-l1-1-0.dll
0x0000027c29f40000 - 0x0000027c29f43000 	C:\Program Files\Java\javafx-sdk-19.0.2.1\bin\api-ms-win-core-interlocked-l1-1-0.dll
0x0000027c29f50000 - 0x0000027c29f53000 	C:\Program Files\Java\javafx-sdk-19.0.2.1\bin\api-ms-win-core-libraryloader-l1-1-0.dll
0x0000027c29f60000 - 0x0000027c29f63000 	C:\Program Files\Java\javafx-sdk-19.0.2.1\bin\api-ms-win-core-localization-l1-2-0.dll
0x0000027c29f70000 - 0x0000027c29f73000 	C:\Program Files\Java\javafx-sdk-19.0.2.1\bin\api-ms-win-core-memory-l1-1-0.dll
0x0000027c29f80000 - 0x0000027c29f83000 	C:\Program Files\Java\javafx-sdk-19.0.2.1\bin\api-ms-win-core-namedpipe-l1-1-0.dll
0x0000027c29f90000 - 0x0000027c29f93000 	C:\Program Files\Java\javafx-sdk-19.0.2.1\bin\api-ms-win-core-processenvironment-l1-1-0.dll
0x0000027c29fa0000 - 0x0000027c29fa3000 	C:\Program Files\Java\javafx-sdk-19.0.2.1\bin\api-ms-win-core-processthreads-l1-1-0.dll
0x0000027c29fb0000 - 0x0000027c29fb3000 	C:\Program Files\Java\javafx-sdk-19.0.2.1\bin\api-ms-win-core-processthreads-l1-1-1.dll
0x0000027c29fc0000 - 0x0000027c29fc3000 	C:\Program Files\Java\javafx-sdk-19.0.2.1\bin\api-ms-win-core-profile-l1-1-0.dll
0x0000027c29fd0000 - 0x0000027c29fd3000 	C:\Program Files\Java\javafx-sdk-19.0.2.1\bin\api-ms-win-core-rtlsupport-l1-1-0.dll
0x0000027c29fe0000 - 0x0000027c29fe3000 	C:\Program Files\Java\javafx-sdk-19.0.2.1\bin\api-ms-win-core-string-l1-1-0.dll
0x0000027c29ff0000 - 0x0000027c29ff3000 	C:\Program Files\Java\javafx-sdk-19.0.2.1\bin\api-ms-win-core-synch-l1-1-0.dll
0x0000027c2ec00000 - 0x0000027c2ec03000 	C:\Program Files\Java\javafx-sdk-19.0.2.1\bin\api-ms-win-core-synch-l1-2-0.dll
0x0000027c2ec10000 - 0x0000027c2ec13000 	C:\Program Files\Java\javafx-sdk-19.0.2.1\bin\api-ms-win-core-sysinfo-l1-1-0.dll
0x0000027c2ec20000 - 0x0000027c2ec23000 	C:\Program Files\Java\javafx-sdk-19.0.2.1\bin\api-ms-win-core-timezone-l1-1-0.dll
0x0000027c2ec30000 - 0x0000027c2ec33000 	C:\Program Files\Java\javafx-sdk-19.0.2.1\bin\api-ms-win-core-util-l1-1-0.dll
0x0000027c2ec40000 - 0x0000027c2ec43000 	C:\Program Files\Java\javafx-sdk-19.0.2.1\bin\api-ms-win-crt-conio-l1-1-0.dll
0x0000027c2ec50000 - 0x0000027c2ec54000 	C:\Program Files\Java\javafx-sdk-19.0.2.1\bin\api-ms-win-crt-convert-l1-1-0.dll
0x0000027c2ec60000 - 0x0000027c2ec63000 	C:\Program Files\Java\javafx-sdk-19.0.2.1\bin\api-ms-win-crt-environment-l1-1-0.dll
0x0000027c2ec70000 - 0x0000027c2ec73000 	C:\Program Files\Java\javafx-sdk-19.0.2.1\bin\api-ms-win-crt-filesystem-l1-1-0.dll
0x0000027c2ec80000 - 0x0000027c2ec83000 	C:\Program Files\Java\javafx-sdk-19.0.2.1\bin\api-ms-win-crt-heap-l1-1-0.dll
0x0000027c2ec90000 - 0x0000027c2ec93000 	C:\Program Files\Java\javafx-sdk-19.0.2.1\bin\api-ms-win-crt-locale-l1-1-0.dll
0x0000027c2eca0000 - 0x0000027c2eca5000 	C:\Program Files\Java\javafx-sdk-19.0.2.1\bin\api-ms-win-crt-math-l1-1-0.dll
0x0000027c2ecb0000 - 0x0000027c2ecb5000 	C:\Program Files\Java\javafx-sdk-19.0.2.1\bin\api-ms-win-crt-multibyte-l1-1-0.dll
0x0000027c2ecc0000 - 0x0000027c2ecd0000 	C:\Program Files\Java\javafx-sdk-19.0.2.1\bin\api-ms-win-crt-private-l1-1-0.dll
0x0000027c2ecd0000 - 0x0000027c2ecd3000 	C:\Program Files\Java\javafx-sdk-19.0.2.1\bin\api-ms-win-crt-process-l1-1-0.dll
0x0000027c2ece0000 - 0x0000027c2ece4000 	C:\Program Files\Java\javafx-sdk-19.0.2.1\bin\api-ms-win-crt-runtime-l1-1-0.dll
0x0000027c2ecf0000 - 0x0000027c2ecf4000 	C:\Program Files\Java\javafx-sdk-19.0.2.1\bin\api-ms-win-crt-stdio-l1-1-0.dll
0x0000027c2ed00000 - 0x0000027c2ed04000 	C:\Program Files\Java\javafx-sdk-19.0.2.1\bin\api-ms-win-crt-string-l1-1-0.dll
0x0000027c2ed10000 - 0x0000027c2ed13000 	C:\Program Files\Java\javafx-sdk-19.0.2.1\bin\api-ms-win-crt-time-l1-1-0.dll
0x0000027c2ed20000 - 0x0000027c2ed23000 	C:\Program Files\Java\javafx-sdk-19.0.2.1\bin\api-ms-win-crt-utility-l1-1-0.dll
0x00007ff8ea3b0000 - 0x00007ff8ea4ac000 	C:\Program Files\Java\javafx-sdk-19.0.2.1\bin\ucrtbase.dll
0x00007ff908ca0000 - 0x00007ff908cbb000 	C:\Program Files\Java\javafx-sdk-19.0.2.1\bin\vcruntime140.dll
0x00007ff908c70000 - 0x00007ff908c7c000 	C:\Program Files\Java\javafx-sdk-19.0.2.1\bin\vcruntime140_1.dll
0x00007ff8dfcb0000 - 0x00007ff8dfd3e000 	C:\Program Files\Java\javafx-sdk-19.0.2.1\bin\msvcp140.dll
0x00007ff8f9f20000 - 0x00007ff8f9f29000 	C:\Program Files\Java\javafx-sdk-19.0.2.1\bin\msvcp140_1.dll
0x00007ff8f05a0000 - 0x00007ff8f05d0000 	C:\Program Files\Java\javafx-sdk-19.0.2.1\bin\msvcp140_2.dll
0x00007ff8ee860000 - 0x00007ff8ee88c000 	C:\Program Files\Java\javafx-sdk-19.0.2.1\bin\prism_d3d.dll
0x00007ff8f5ed0000 - 0x00007ff8f6079000 	C:\WINDOWS\system32\d3d9.dll
0x00007ff909a00000 - 0x00007ff909a2b000 	C:\WINDOWS\SYSTEM32\dwmapi.dll
0x00007ff909a60000 - 0x00007ff909a96000 	C:\WINDOWS\SYSTEM32\dxcore.dll
0x00007ff9097a0000 - 0x00007ff90984b000 	C:\WINDOWS\system32\uxtheme.dll
0x00007ff903470000 - 0x00007ff90352e000 	C:\WINDOWS\System32\DriverStore\FileRepository\nvhdc.inf_amd64_48a4233ad39d8931\nvldumdx.dll
0x00007ff90c030000 - 0x00007ff90c042000 	C:\WINDOWS\SYSTEM32\msasn1.dll
0x00007ff903420000 - 0x00007ff903452000 	C:\WINDOWS\SYSTEM32\cryptnet.dll
0x00007ff90c880000 - 0x00007ff90c9e6000 	C:\WINDOWS\System32\CRYPT32.dll
0x00007ff9032c0000 - 0x00007ff903418000 	C:\WINDOWS\SYSTEM32\drvstore.dll
0x00007ff90c400000 - 0x00007ff90c42c000 	C:\WINDOWS\SYSTEM32\devobj.dll
0x00007ff90c3b0000 - 0x00007ff90c3fe000 	C:\WINDOWS\SYSTEM32\cfgmgr32.dll
0x00007ff90bf50000 - 0x00007ff90bf98000 	C:\WINDOWS\SYSTEM32\wldp.dll
0x00007ff90be60000 - 0x00007ff90be6c000 	C:\WINDOWS\SYSTEM32\cryptbase.dll
0x00007ff90c6f0000 - 0x00007ff90c75b000 	C:\WINDOWS\System32\WINTRUST.DLL
0x00007ff90f110000 - 0x00007ff90f12f000 	C:\WINDOWS\System32\imagehlp.dll
0x00007ff90bef0000 - 0x00007ff90bf0b000 	C:\WINDOWS\SYSTEM32\CRYPTSP.dll
0x00007ff90b760000 - 0x00007ff90b795000 	C:\WINDOWS\system32\rsaenh.dll
0x00007ff90c0c0000 - 0x00007ff90c0e8000 	C:\WINDOWS\SYSTEM32\bcrypt.dll
0x00007ff8bcd80000 - 0x00007ff8bf38f000 	C:\WINDOWS\System32\DriverStore\FileRepository\nvhdc.inf_amd64_48a4233ad39d8931\nvd3dumx.dll
0x00007ff905a80000 - 0x00007ff905ac9000 	C:\WINDOWS\SYSTEM32\directxdatabasehelper.dll
0x00007ff8eb5b0000 - 0x00007ff8eb5f2000 	C:\Program Files\Java\javafx-sdk-19.0.2.1\bin\glass.dll
0x00007ff90f170000 - 0x00007ff90f267000 	C:\WINDOWS\System32\COMDLG32.dll
0x00007ff90ecd0000 - 0x00007ff90ee6c000 	C:\WINDOWS\System32\ole32.dll
0x00007ff90e2e0000 - 0x00007ff90e3fe000 	C:\WINDOWS\System32\MSCTF.dll
0x0000000000400000 - 0x0000000000419000 	X:\HDD-Hajzy\Programs\ComfortKeys\CKeysH64.dll
0x00007ff8b7410000 - 0x00007ff8b76e1000 	C:\WINDOWS\system32\nvspcap64.dll
0x00007ff90b810000 - 0x00007ff90b844000 	C:\WINDOWS\SYSTEM32\ntmarta.dll
0x00007ff90bcc0000 - 0x00007ff90bce6000 	C:\WINDOWS\SYSTEM32\gpapi.dll
0x00007ff8ec430000 - 0x00007ff8ec45d000 	C:\Program Files\Java\javafx-sdk-19.0.2.1\bin\javafx_iio.dll
0x00007ff8ea610000 - 0x00007ff8ea624000 	C:\Program Files\Java\javafx-sdk-19.0.2.1\bin\javafx_font.dll
0x00007ff9070b0000 - 0x00007ff907317000 	C:\WINDOWS\SYSTEM32\dwrite.dll
0x00007ff90e980000 - 0x00007ff90ea30000 	C:\WINDOWS\System32\clbcatq.dll
0x00007ff906960000 - 0x00007ff906b10000 	C:\WINDOWS\SYSTEM32\WindowsCodecs.dll
0x00007ff8e9f00000 - 0x00007ff8e9f5e000 	C:\WINDOWS\system32\dataexchange.dll

dbghelp: loaded successfully - version: 4.0.5 - missing functions: none
symbol engine: initialized successfully - sym options: 0x614 - pdb path: .;C:\Program Files\Java\jdk-19\bin;C:\WINDOWS\SYSTEM32;C:\WINDOWS\WinSxS\amd64_microsoft.windows.common-controls_6595b64144ccf1df_6.0.22621.608_none_a9444ca7c10bb01d;C:\Program Files\Java\jdk-19\bin\server;C:\Program Files\Java\javafx-sdk-19.0.2.1\bin;C:\WINDOWS\System32\DriverStore\FileRepository\nvhdc.inf_amd64_48a4233ad39d8931;X:\HDD-Hajzy\Programs\ComfortKeys;C:\Program Files\Common Files\Microsoft Shared\Ink

VM Arguments:
jvm_args: --module-path=C:\Program Files\Java\javafx-sdk-19.0.2.1\lib --add-modules=javafx.controls,javafx.fxml -Dfile.encoding=UTF-8 -XX:+ShowCodeDetailsInExceptionMessages 
java_command: main.PaziaatusApplication
java_class_path (initial): C:\Users\HIGHSENBERG\git\bc-thesis-code\Paziaatus\bin;C:\Program Files\Java\javafx-sdk-19.0.2.1\lib\javafx.base.jar;C:\Program Files\Java\javafx-sdk-19.0.2.1\lib\javafx.controls.jar;C:\Program Files\Java\javafx-sdk-19.0.2.1\lib\javafx.fxml.jar;C:\Program Files\Java\javafx-sdk-19.0.2.1\lib\javafx.graphics.jar;C:\Program Files\Java\javafx-sdk-19.0.2.1\lib\javafx.media.jar;C:\Program Files\Java\javafx-sdk-19.0.2.1\lib\javafx.swing.jar;C:\Program Files\Java\javafx-sdk-19.0.2.1\lib\javafx.web.jar;C:\Program Files\Java\javafx-sdk-19.0.2.1\lib\javafx-swt.jar;C:\Users\HIGHSENBERG\.p2\pool\plugins\org.eclipse.fx.ide.css.jfx8_3.8.0.202204150904.jar
Launcher Type: SUN_STANDARD

[Global flags]
     intx CICompilerCount                          = 4                                         {product} {ergonomic}
     uint ConcGCThreads                            = 3                                         {product} {ergonomic}
     uint G1ConcRefinementThreads                  = 10                                        {product} {ergonomic}
   size_t G1HeapRegionSize                         = 2097152                                   {product} {ergonomic}
    uintx GCDrainStackTargetSize                   = 64                                        {product} {ergonomic}
   size_t InitialHeapSize                          = 266338304                                 {product} {ergonomic}
   size_t MarkStackSize                            = 4194304                                   {product} {ergonomic}
   size_t MaxHeapSize                              = 4234149888                                {product} {ergonomic}
   size_t MaxNewSize                               = 2539651072                                {product} {ergonomic}
   size_t MinHeapDeltaBytes                        = 2097152                                   {product} {ergonomic}
   size_t MinHeapSize                              = 8388608                                   {product} {ergonomic}
    uintx NonNMethodCodeHeapSize                   = 5839372                                {pd product} {ergonomic}
    uintx NonProfiledCodeHeapSize                  = 122909434                              {pd product} {ergonomic}
    uintx ProfiledCodeHeapSize                     = 122909434                              {pd product} {ergonomic}
    uintx ReservedCodeCacheSize                    = 251658240                              {pd product} {ergonomic}
     bool SegmentedCodeCache                       = true                                      {product} {ergonomic}
     bool ShowCodeDetailsInExceptionMessages       = true                                   {manageable} {command line}
   size_t SoftMaxHeapSize                          = 4234149888                             {manageable} {ergonomic}
     bool UseCompressedClassPointers               = true                           {product lp64_product} {ergonomic}
     bool UseCompressedOops                        = true                           {product lp64_product} {ergonomic}
     bool UseG1GC                                  = true                                      {product} {ergonomic}
     bool UseLargePagesIndividualAllocation        = false                                  {pd product} {ergonomic}

Logging:
Log output configuration:
 #0: stdout all=warning uptime,level,tags foldmultilines=false
 #1: stderr all=off uptime,level,tags foldmultilines=false

Environment Variables:
PATH=C:\Program Files\Common Files\Oracle\Java\javapath;C:\Program Files (x86)\Common Files\Oracle\Java\javapath;C:\windows\system32;C:\windows;C:\windows\System32\Wbem;C:\windows\System32\WindowsPowerShell\v1.0\;C:\windows\System32\OpenSSH\;C:\Program Files (x86)\NVIDIA Corporation\PhysX\Common;C:\Program Files\NVIDIA Corporation\NVIDIA NvDLISR;C:\WINDOWS\system32;C:\WINDOWS;C:\WINDOWS\System32\Wbem;C:\WINDOWS\System32\WindowsPowerShell\v1.0\;C:\WINDOWS\System32\OpenSSH\;C:\Program Files\dotnet\;C:\Users\HIGHSENBERG\AppData\Local\Microsoft\WindowsApps;C:\Users\HIGHSENBERG\Documents\IT\MiKTeX\miktex\bin\x64\;C:\Users\HIGHSENBERG\Hacker-Hajzy\Programs\MinGW\bin
USERNAME=HIGHSENBERG
OS=Windows_NT
PROCESSOR_IDENTIFIER=Intel64 Family 6 Model 167 Stepping 1, GenuineIntel
TMP=C:\Users\HIGHSENBERG\AppData\Local\Temp
TEMP=C:\Users\HIGHSENBERG\AppData\Local\Temp



---------------  S Y S T E M  ---------------

OS:
 Windows 11 , 64 bit Build 22621 (10.0.22621.1344)
OS uptime: 2 days 17:30 hours
Hyper-V role detected

CPU: total 12 (initial active 12) (6 cores per cpu, 2 threads per core) family 6 model 167 stepping 1 microcode 0x40, cx8, cmov, fxsr, ht, mmx, 3dnowpref, sse, sse2, sse3, ssse3, sse4.1, sse4.2, popcnt, lzcnt, tsc, tscinvbit, avx, avx2, aes, erms, clmul, bmi1, bmi2, adx, avx512f, avx512dq, avx512cd, avx512bw, avx512vl, sha, fma, vzeroupper, avx512_vpopcntdq, avx512_vpclmulqdq, avx512_vaes, avx512_vnni, clflush, clflushopt, avx512_vbmi2, avx512_vbmi, hv, rdtscp, rdpid, fsrm, gfni, avx512_bitalg

Memory: 4k page, system-wide physical 16150M (6917M free)
TotalPageFile size 18198M (AvailPageFile size 5M)
current process WorkingSet (physical memory assigned to process): 304M, peak: 322M
current process commit charge ("private bytes"): 468M, peak: 487M

vm_info: Java HotSpot(TM) 64-Bit Server VM (19.0.2+7-44) for windows-amd64 JRE (19.0.2+7-44), built on 2022-11-30T18:02:09Z by "mach5one" with MS VC++ 17.1 (VS2022)

END.
