#
# There is insufficient memory for the Java Runtime Environment to continue.
# Native memory allocation (mmap) failed to map 266338304 bytes for G1 virtual space
# Possible reasons:
#   The system is out of physical RAM or swap space
#   The process is running with CompressedOops enabled, and the Java Heap may be blocking the growth of the native heap
# Possible solutions:
#   Reduce memory load on the system
#   Increase physical memory or swap space
#   Check if swap backing store is full
#   Decrease Java heap size (-Xmx/-Xms)
#   Decrease number of Java threads
#   Decrease Java thread stack sizes (-Xss)
#   Set larger code cache with -XX:ReservedCodeCacheSize=
#   JVM is running with Zero Based Compressed Oops mode in which the Java heap is
#     placed in the first 32GB address space. The Java Heap base address is the
#     maximum limit for the native heap growth. Please use -XX:HeapBaseMinAddress
#     to set the Java Heap base and to place the Java Heap above 32GB virtual address.
# This output file may be truncated or incomplete.
#
#  Out of Memory Error (os_windows.cpp:3536), pid=7796, tid=12868
#
# JRE version:  (19.0.2+7) (build )
# Java VM: Java HotSpot(TM) 64-Bit Server VM (19.0.2+7-44, mixed mode, sharing, tiered, compressed oops, compressed class ptrs, g1 gc, windows-amd64)
# No core dump will be written. Minidumps are not enabled by default on client versions of Windows
#

---------------  S U M M A R Y ------------

Command Line: --module-path=C:\Program Files\Java\javafx-sdk-19.0.2.1\lib --add-modules=javafx.controls,javafx.fxml -Dfile.encoding=UTF-8 -XX:+ShowCodeDetailsInExceptionMessages main.PaziaatusApplication

Host: 11th Gen Intel(R) Core(TM) i5-11400F @ 2.60GHz, 12 cores, 15G,  Windows 11 , 64 bit Build 22621 (10.0.22621.1344)
Time: Tue Apr 11 14:04:03 2023 Central Europe Daylight Time elapsed time: 0.042414 seconds (0d 0h 0m 0s)

---------------  T H R E A D  ---------------

Current thread (0x0000017c105a2b20):  JavaThread "Unknown thread" [_thread_in_vm, id=12868, stack(0x0000002b8a500000,0x0000002b8a600000)]

Stack: [0x0000002b8a500000,0x0000002b8a600000]
Native frames: (J=compiled Java code, j=interpreted, Vv=VM code, C=native code)
V  [jvm.dll+0x6ee21a]
V  [jvm.dll+0x85765e]
V  [jvm.dll+0x85904e]
V  [jvm.dll+0x859703]
V  [jvm.dll+0x28298f]
V  [jvm.dll+0x6eb009]
V  [jvm.dll+0x6dfbaa]
V  [jvm.dll+0x3573f6]
V  [jvm.dll+0x35ee56]
V  [jvm.dll+0x3b541e]
V  [jvm.dll+0x3b564f]
V  [jvm.dll+0x32c9ea]
V  [jvm.dll+0x32d89e]
V  [jvm.dll+0x821780]
V  [jvm.dll+0x3c2661]
V  [jvm.dll+0x801f51]
V  [jvm.dll+0x44ae8f]
V  [jvm.dll+0x44c811]
C  [jli.dll+0x5287]
C  [ucrtbase.dll+0x29363]
C  [KERNEL32.DLL+0x126bd]
C  [ntdll.dll+0x5a9f8]


---------------  P R O C E S S  ---------------

Threads class SMR info:
_java_thread_list=0x00007ff8b359d048, length=0, elements={
}

Java Threads: ( => current thread )

Other Threads:
  0x0000017c10616a60 WorkerThread "GC Thread#0" [stack: 0x0000002b8a600000,0x0000002b8a700000] [id=15992]
  0x0000017c10623c00 ConcurrentGCThread "G1 Main Marker" [stack: 0x0000002b8a700000,0x0000002b8a800000] [id=19328]
  0x0000017c310a3190 WorkerThread "G1 Conc#0" [stack: 0x0000002b8a800000,0x0000002b8a900000] [id=13444]

[error occurred during error reporting (printing all threads), id 0xc0000005, EXCEPTION_ACCESS_VIOLATION (0xc0000005) at pc=0x00007ff8b2d5d427]

VM state: not at safepoint (not fully initialized)

VM Mutex/Monitor currently owned by a thread:  ([mutex/lock_event])
[0x0000017c1059f7b0] Heap_lock - owner thread: 0x0000017c105a2b20

Heap address: 0x0000000703a00000, size: 4038 MB, Compressed Oops mode: Zero based, Oop shift amount: 3

CDS archive(s) mapped at: [0x0000000000000000-0x0000000000000000-0x0000000000000000), size 0, SharedBaseAddress: 0x0000000800000000, ArchiveRelocationMode: 0.
Narrow klass base: 0x0000000000000000, Narrow klass shift: 0, Narrow klass range: 0x0

GC Precious Log:
 CardTable entry size: 512
 Card Set container configuration: InlinePtr #cards 4 size 8 Array Of Cards #cards 16 size 48 Howl #buckets 8 coarsen threshold 3686 Howl Bitmap #cards 512 size 80 coarsen threshold 460 Card regions per heap region 1 cards per card region 4096

Heap:
 garbage-first heap   total 0K, used 0K [0x0000000703a00000, 0x0000000800000000)
  region size 2048K, 0 young (0K), 0 survivors (0K)

[error occurred during error reporting (printing heap information), id 0xc0000005, EXCEPTION_ACCESS_VIOLATION (0xc0000005) at pc=0x00007ff8b3166649]

GC Heap History (0 events):
No events

Dll operation events (1 events):
Event: 0.005 Loaded shared library C:\Program Files\Java\jdk-19\bin\java.dll

Deoptimization events (0 events):
No events

Classes loaded (0 events):
No events

Classes unloaded (0 events):
No events

Classes redefined (0 events):
No events

Internal exceptions (0 events):
No events

VM Operations (0 events):
No events

Events (0 events):
No events


Dynamic libraries:
0x00007ff730fb0000 - 0x00007ff730fc0000 	C:\Program Files\Java\jdk-19\bin\javaw.exe
0x00007ff90f2b0000 - 0x00007ff90f4c4000 	C:\WINDOWS\SYSTEM32\ntdll.dll
0x00007ff90e420000 - 0x00007ff90e4e3000 	C:\WINDOWS\System32\KERNEL32.DLL
0x00007ff90cb10000 - 0x00007ff90ceac000 	C:\WINDOWS\System32\KERNELBASE.dll
0x00007ff908ea0000 - 0x00007ff908f37000 	C:\WINDOWS\SYSTEM32\apphelp.dll
0x00007ff90c760000 - 0x00007ff90c871000 	C:\WINDOWS\System32\ucrtbase.dll
0x00007ff8b7d00000 - 0x00007ff8b7d18000 	C:\Program Files\Java\jdk-19\bin\jli.dll
0x00007ff8b8440000 - 0x00007ff8b845b000 	C:\Program Files\Java\jdk-19\bin\VCRUNTIME140.dll
0x00007ff90ec20000 - 0x00007ff90ecce000 	C:\WINDOWS\System32\ADVAPI32.dll
0x00007ff90d1f0000 - 0x00007ff90d297000 	C:\WINDOWS\System32\msvcrt.dll
0x00007ff90ea90000 - 0x00007ff90eb34000 	C:\WINDOWS\System32\sechost.dll
0x00007ff90d0c0000 - 0x00007ff90d1d5000 	C:\WINDOWS\System32\RPCRT4.dll
0x00007ff90e020000 - 0x00007ff90e1cd000 	C:\WINDOWS\System32\USER32.dll
0x00007ff90ceb0000 - 0x00007ff90ced6000 	C:\WINDOWS\System32\win32u.dll
0x00007ff8f0200000 - 0x00007ff8f048e000 	C:\WINDOWS\WinSxS\amd64_microsoft.windows.common-controls_6595b64144ccf1df_6.0.22621.608_none_a9444ca7c10bb01d\COMCTL32.dll
0x00007ff90ebf0000 - 0x00007ff90ec19000 	C:\WINDOWS\System32\GDI32.dll
0x00007ff90cee0000 - 0x00007ff90cff3000 	C:\WINDOWS\System32\gdi32full.dll
0x00007ff90c9f0000 - 0x00007ff90ca8a000 	C:\WINDOWS\System32\msvcp_win.dll
0x00007ff903460000 - 0x00007ff90346a000 	C:\WINDOWS\SYSTEM32\VERSION.dll
0x00007ff90f130000 - 0x00007ff90f161000 	C:\WINDOWS\System32\IMM32.DLL
0x00007ff8f69d0000 - 0x00007ff8f69dc000 	C:\Program Files\Java\jdk-19\bin\vcruntime140_1.dll
0x00007ff8b36e0000 - 0x00007ff8b376e000 	C:\Program Files\Java\jdk-19\bin\msvcp140.dll
0x00007ff8b2a20000 - 0x00007ff8b36e0000 	C:\Program Files\Java\jdk-19\bin\server\jvm.dll
0x00007ff901cc0000 - 0x00007ff901cf4000 	C:\WINDOWS\SYSTEM32\WINMM.dll
0x00007ff8f60d0000 - 0x00007ff8f60d9000 	C:\WINDOWS\SYSTEM32\WSOCK32.dll
0x00007ff90dab0000 - 0x00007ff90db21000 	C:\WINDOWS\System32\WS2_32.dll
0x00007ff90b7f0000 - 0x00007ff90b808000 	C:\WINDOWS\SYSTEM32\kernel.appcore.dll
0x00007ff8f0970000 - 0x00007ff8f097a000 	C:\Program Files\Java\jdk-19\bin\jimage.dll
0x00007ff90a040000 - 0x00007ff90a26e000 	C:\WINDOWS\SYSTEM32\DBGHELP.DLL
0x00007ff90e4f0000 - 0x00007ff90e879000 	C:\WINDOWS\System32\combase.dll
0x00007ff90f030000 - 0x00007ff90f107000 	C:\WINDOWS\System32\OLEAUT32.dll
0x00007ff8eebc0000 - 0x00007ff8eebf2000 	C:\WINDOWS\SYSTEM32\dbgcore.DLL
0x00007ff90ca90000 - 0x00007ff90cb0b000 	C:\WINDOWS\System32\bcryptPrimitives.dll
0x00007ff8b7bb0000 - 0x00007ff8b7bd6000 	C:\Program Files\Java\jdk-19\bin\java.dll

dbghelp: loaded successfully - version: 4.0.5 - missing functions: none
symbol engine: initialized successfully - sym options: 0x614 - pdb path: .;C:\Program Files\Java\jdk-19\bin;C:\WINDOWS\SYSTEM32;C:\WINDOWS\WinSxS\amd64_microsoft.windows.common-controls_6595b64144ccf1df_6.0.22621.608_none_a9444ca7c10bb01d;C:\Program Files\Java\jdk-19\bin\server

VM Arguments:
jvm_args: --module-path=C:\Program Files\Java\javafx-sdk-19.0.2.1\lib --add-modules=javafx.controls,javafx.fxml -Dfile.encoding=UTF-8 -XX:+ShowCodeDetailsInExceptionMessages 
java_command: main.PaziaatusApplication
java_class_path (initial): C:\Users\HIGHSENBERG\git\bc-thesis-code\Paziaatus\bin;C:\Program Files\Java\javafx-sdk-19.0.2.1\lib\javafx.base.jar;C:\Program Files\Java\javafx-sdk-19.0.2.1\lib\javafx.controls.jar;C:\Program Files\Java\javafx-sdk-19.0.2.1\lib\javafx.fxml.jar;C:\Program Files\Java\javafx-sdk-19.0.2.1\lib\javafx.graphics.jar;C:\Program Files\Java\javafx-sdk-19.0.2.1\lib\javafx.media.jar;C:\Program Files\Java\javafx-sdk-19.0.2.1\lib\javafx.swing.jar;C:\Program Files\Java\javafx-sdk-19.0.2.1\lib\javafx.web.jar;C:\Program Files\Java\javafx-sdk-19.0.2.1\lib\javafx-swt.jar;C:\Users\HIGHSENBERG\.p2\pool\plugins\org.eclipse.fx.ide.css.jfx8_3.8.0.202204150904.jar
Launcher Type: SUN_STANDARD

[Global flags]
     intx CICompilerCount                          = 4                                         {product} {ergonomic}
     uint ConcGCThreads                            = 3                                         {product} {ergonomic}
     uint G1ConcRefinementThreads                  = 10                                        {product} {ergonomic}
   size_t G1HeapRegionSize                         = 2097152                                   {product} {ergonomic}
    uintx GCDrainStackTargetSize                   = 64                                        {product} {ergonomic}
   size_t InitialHeapSize                          = 266338304                                 {product} {ergonomic}
   size_t MarkStackSize                            = 4194304                                   {product} {ergonomic}
   size_t MaxHeapSize                              = 4234149888                                {product} {ergonomic}
   size_t MinHeapDeltaBytes                        = 2097152                                   {product} {ergonomic}
   size_t MinHeapSize                              = 8388608                                   {product} {ergonomic}
    uintx NonNMethodCodeHeapSize                   = 5839372                                {pd product} {ergonomic}
    uintx NonProfiledCodeHeapSize                  = 122909434                              {pd product} {ergonomic}
    uintx ProfiledCodeHeapSize                     = 122909434                              {pd product} {ergonomic}
    uintx ReservedCodeCacheSize                    = 251658240                              {pd product} {ergonomic}
     bool SegmentedCodeCache                       = true                                      {product} {ergonomic}
     bool ShowCodeDetailsInExceptionMessages       = true                                   {manageable} {command line}
   size_t SoftMaxHeapSize                          = 4234149888                             {manageable} {ergonomic}
     bool UseCompressedClassPointers               = true                           {product lp64_product} {ergonomic}
     bool UseCompressedOops                        = true                           {product lp64_product} {ergonomic}
     bool UseG1GC                                  = true                                      {product} {ergonomic}
     bool UseLargePagesIndividualAllocation        = false                                  {pd product} {ergonomic}

Logging:
Log output configuration:
 #0: stdout all=warning uptime,level,tags foldmultilines=false
 #1: stderr all=off uptime,level,tags foldmultilines=false

Environment Variables:
PATH=C:\Program Files\Common Files\Oracle\Java\javapath;C:\Program Files (x86)\Common Files\Oracle\Java\javapath;C:\windows\system32;C:\windows;C:\windows\System32\Wbem;C:\windows\System32\WindowsPowerShell\v1.0\;C:\windows\System32\OpenSSH\;C:\Program Files (x86)\NVIDIA Corporation\PhysX\Common;C:\Program Files\NVIDIA Corporation\NVIDIA NvDLISR;C:\WINDOWS\system32;C:\WINDOWS;C:\WINDOWS\System32\Wbem;C:\WINDOWS\System32\WindowsPowerShell\v1.0\;C:\WINDOWS\System32\OpenSSH\;C:\Program Files\dotnet\;C:\Users\HIGHSENBERG\AppData\Local\Microsoft\WindowsApps;C:\Users\HIGHSENBERG\Documents\IT\MiKTeX\miktex\bin\x64\;C:\Users\HIGHSENBERG\Hacker-Hajzy\Programs\MinGW\bin
USERNAME=HIGHSENBERG
OS=Windows_NT
PROCESSOR_IDENTIFIER=Intel64 Family 6 Model 167 Stepping 1, GenuineIntel
TMP=C:\Users\HIGHSENBERG\AppData\Local\Temp
TEMP=C:\Users\HIGHSENBERG\AppData\Local\Temp



---------------  S Y S T E M  ---------------

OS:
 Windows 11 , 64 bit Build 22621 (10.0.22621.1344)
OS uptime: 2 days 17:15 hours
Hyper-V role detected

CPU: total 12 (initial active 12) (6 cores per cpu, 2 threads per core) family 6 model 167 stepping 1 microcode 0x40, cx8, cmov, fxsr, ht, mmx, 3dnowpref, sse, sse2, sse3, ssse3, sse4.1, sse4.2, popcnt, lzcnt, tsc, tscinvbit, avx, avx2, aes, erms, clmul, bmi1, bmi2, adx, avx512f, avx512dq, avx512cd, avx512bw, avx512vl, sha, fma, vzeroupper, avx512_vpopcntdq, avx512_vpclmulqdq, avx512_vaes, avx512_vnni, clflush, clflushopt, avx512_vbmi2, avx512_vbmi, hv, rdtscp, rdpid, fsrm, gfni, avx512_bitalg

Memory: 4k page, system-wide physical 16150M (5928M free)
TotalPageFile size 18198M (AvailPageFile size 87M)
current process WorkingSet (physical memory assigned to process): 12M, peak: 12M
current process commit charge ("private bytes"): 64M, peak: 318M

vm_info: Java HotSpot(TM) 64-Bit Server VM (19.0.2+7-44) for windows-amd64 JRE (19.0.2+7-44), built on 2022-11-30T18:02:09Z by "mach5one" with MS VC++ 17.1 (VS2022)

END.
